{"meta": {"format": 3, "version": "7.13.3", "timestamp": "2026-09-18T05:30:39.333353", "branch_coverage": true, "show_contexts": false}, "files": {"src/veritylake/__init__.py": {"executed_lines": [2], "summary": {"covered_lines": 1, "num_statements": 1, "percent_covered": 100.0, "percent_covered_display": "100", "missing_lines": 0, "excluded_lines": 0, "percent_statements_covered": 100.0, "percent_statements_covered_display": "100", "num_branches": 0, "num_partial_branches": 0, "covered_branches": 0, "missing_branches": 0, "percent_branches_covered": 100.0, "percent_branches_covered_display": "100"}, "missing_lines": [], "excluded_lines": [], "executed_branches": [], "missing_branches": [], "functions": {"": {"executed_lines": [2], "summary": {"covered_lines": 1, "num_statements": 1, "percent_covered": 100.0, "percent_covered_display": "100", "missing_lines": 0, "excluded_lines": 0, "percent_statements_covered": 100.0, "percent_statements_covered_display": "100", "num_branches": 0, "num_partial_branches": 0, "covered_branches": 0, "missing_branches": 0, "percent_branches_covered": 100.0, "percent_branches_covered_display": "100"}, "missing_lines": [], "excluded_lines": [], "start_line": 1, "executed_branches": [], "missing_branches": []}}, "classes": {"": {"executed_lines": [2], "summary": {"covered_lines": 1, "num_statements": 1, "percent_covered": 100.0, "percent_covered_display": "100", "missing_lines": 0, "excluded_lines": 0, "percent_statements_covered": 100.0, "percent_statements_covered_display": "100", "num_branches": 0, "num_partial_branches": 0, "covered_branches": 0, "missing_branches": 0, "percent_branches_covered": 100.0, "percent_branches_covered_display": "100"}, "missing_lines": [], "excluded_lines": [], "start_line": 1, "executed_branches": [], "missing_branches": []}}}, "src/veritylake/api.py": {"executed_lines": [1, 3, 4, 5, 6, 7, 8, 9, 10, 11, 13, 14, 15, 16, 17, 19, 20, 21, 22, 23, 24, 25, 27, 30, 31, 32, 35, 37, 38, 39, 40, 41, 43, 44, 45, 46, 47, 48, 49, 50, 52, 54, 55, 58, 59, 60, 61, 62, 64, 65, 68, 70, 71, 72, 73, 77, 79, 80, 81, 83, 84, 85, 86, 87, 88, 89, 91, 92, 93, 95, 96, 97, 98, 99, 100, 101, 102, 103, 104, 105, 106, 107, 111, 113, 114, 115, 116, 117, 118, 119, 122, 123, 124, 126, 127, 128, 129, 130, 131, 137, 138, 139, 140, 141, 142, 147, 149, 150, 151, 152, 153, 158, 159, 160, 161, 162, 163, 164, 165, 170, 172, 173, 176, 177, 178, 180, 181, 183, 184, 185, 187], "summary": {"covered_lines": 131, "num_statements": 149, "percent_covered": 86.82634730538922, "percent_covered_display": "87", "missing_lines": 18, "excluded_lines": 0, "percent_statements_covered": 87.91946308724832, "percent_statements_covered_display": "88", "num_branches": 18, "num_partial_branches": 4, "covered_branches": 14, "missing_branches": 4, "percent_branches_covered": 77.77777777777777, "percent_branches_covered_display": "78"}, "missing_lines": [51, 63, 66, 74, 75, 132, 133, 134, 135, 144, 145, 146, 155, 156, 166, 167, 168, 174], "excluded_lines": [], "executed_branches": [[46, 47], [46, 48], [48, 49], [48, 50], [50, 52], [62, 64], [65, 68], [73, -70], [92, -91], [92, 93], [106, 107], [106, 111], [159, 160], [159, 161]], "missing_branches": [[50, 51], [62, 63], [65, 66], [73, 74]], "functions": {"RequestBudget.__init__": {"executed_lines": [38, 39, 40, 41], "summary": {"covered_lines": 4, "num_statements": 4, "percent_covered": 100.0, "percent_covered_display": "100", "missing_lines": 0, "excluded_lines": 0, "percent_statements_covered": 100.0, "percent_statements_covered_display": "100", "num_branches": 0, "num_partial_branches": 0, "covered_branches": 0, "missing_branches": 0, "percent_branches_covered": 100.0, "percent_branches_covered_display": "100"}, "missing_lines": [], "excluded_lines": [], "start_line": 37, "executed_branches": [], "missing_branches": []}, "RequestBudget.acquire": {"executed_lines": [44, 45, 46, 47, 48, 49, 50, 52], "summary": {"covered_lines": 8, "num_statements": 9, "percent_covered": 86.66666666666667, "percent_covered_display": "87", "missing_lines": 1, "excluded_lines": 0, "percent_statements_covered": 88.88888888888889, "percent_statements_covered_display": "89", "num_branches": 6, "num_partial_branches": 1, "covered_branches": 5, "missing_branches": 1, "percent_branches_covered": 83.33333333333333, "percent_branches_covered_display": "83"}, "missing_lines": [51], "excluded_lines": [], "start_line": 43, "executed_branches": [[46, 47], [46, 48], [48, 49], [48, 50], [50, 52]], "missing_branches": [[50, 51]]}, "RequestBudget.release": {"executed_lines": [55], "summary": {"covered_lines": 1, "num_statements": 1, "percent_covered": 100.0, "percent_covered_display": "100", "missing_lines": 0, "excluded_lines": 0, "percent_statements_covered": 100.0, "percent_statements_covered_display": "100", "num_branches": 0, "num_partial_branches": 0, "covered_branches": 0, "missing_branches": 0, "percent_branches_covered": 100.0, "percent_branches_covered_display": "100"}, "missing_lines": [], "excluded_lines": [], "start_line": 54, "executed_branches": [], "missing_branches": []}, "create_app": {"executed_lines": [59, 60, 61, 62, 64, 65, 68, 70, 71, 77, 79, 80, 81, 83, 84, 85, 86, 87, 88, 89, 91, 95, 96, 122, 123, 126, 127, 137, 138, 149, 150, 158, 172, 173, 176, 177, 180, 181, 183, 184, 187], "summary": {"covered_lines": 41, "num_statements": 43, "percent_covered": 91.48936170212765, "percent_covered_display": "91", "missing_lines": 2, "excluded_lines": 0, "percent_statements_covered": 95.34883720930233, "percent_statements_covered_display": "95", "num_branches": 4, "num_partial_branches": 2, "covered_branches": 2, "missing_branches": 2, "percent_branches_covered": 50.0, "percent_branches_covered_display": "50"}, "missing_lines": [63, 66], "excluded_lines": [], "start_line": 58, "executed_branches": [[62, 64], [65, 68]], "missing_branches": [[62, 63], [65, 66]]}, "create_app.lifespan": {"executed_lines": [72, 73], "summary": {"covered_lines": 2, "num_statements": 4, "percent_covered": 50.0, "percent_covered_display": "50", "missing_lines": 2, "excluded_lines": 0, "percent_statements_covered": 50.0, "percent_statements_covered_display": "50", "num_branches": 2, "num_partial_branches": 1, "covered_branches": 1, "missing_branches": 1, "percent_branches_covered": 50.0, "percent_branches_covered_display": "50"}, "missing_lines": [74, 75], "excluded_lines": [], "start_line": 71, "executed_branches": [[73, -70]], "missing_branches": [[73, 74]]}, "create_app.auth": {"executed_lines": [92, 93], "summary": {"covered_lines": 2, "num_statements": 2, "percent_covered": 100.0, "percent_covered_display": "100", "missing_lines": 0, "excluded_lines": 0, "percent_statements_covered": 100.0, "percent_statements_covered_display": "100", "num_branches": 2, "num_partial_branches": 0, "covered_branches": 2, "missing_branches": 0, "percent_branches_covered": 100.0, "percent_branches_covered_display": "100"}, "missing_lines": [], "excluded_lines": [], "start_line": 91, "executed_branches": [[92, -91], [92, 93]], "missing_branches": []}, "create_app.observe": {"executed_lines": [97, 98, 99, 100, 101, 102, 103, 104, 105, 106, 107, 111, 113, 114, 115, 116, 117, 118, 119], "summary": {"covered_lines": 19, "num_statements": 19, "percent_covered": 100.0, "percent_covered_display": "100", "missing_lines": 0, "excluded_lines": 0, "percent_statements_covered": 100.0, "percent_statements_covered_display": "100", "num_branches": 2, "num_partial_branches": 0, "covered_branches": 2, "missing_branches": 0, "percent_branches_covered": 100.0, "percent_branches_covered_display": "100"}, "missing_lines": [], "excluded_lines": [], "start_line": 96, "executed_branches": [[106, 107], [106, 111]], "missing_branches": []}, "create_app.health": {"executed_lines": [124], "summary": {"covered_lines": 1, "num_statements": 1, "percent_covered": 100.0, "percent_covered_display": "100", "missing_lines": 0, "excluded_lines": 0, "percent_statements_covered": 100.0, "percent_statements_covered_display": "100", "num_branches": 0, "num_partial_branches": 0, "covered_branches": 0, "missing_branches": 0, "percent_branches_covered": 100.0, "percent_branches_covered_display": "100"}, "missing_lines": [], "excluded_lines": [], "start_line": 123, "executed_branches": [], "missing_branches": []}, "create_app.readiness": {"executed_lines": [128, 129, 130, 131], "summary": {"covered_lines": 4, "num_statements": 8, "percent_covered": 50.0, "percent_covered_display": "50", "missing_lines": 4, "excluded_lines": 0, "percent_statements_covered": 50.0, "percent_statements_covered_display": "50", "num_branches": 0, "num_partial_branches": 0, "covered_branches": 0, "missing_branches": 0, "percent_branches_covered": 100.0, "percent_branches_covered_display": "100"}, "missing_lines": [132, 133, 134, 135], "excluded_lines": [], "start_line": 127, "executed_branches": [], "missing_branches": []}, "create_app.metrics": {"executed_lines": [139, 140, 141, 142, 147], "summary": {"covered_lines": 5, "num_statements": 8, "percent_covered": 62.5, "percent_covered_display": "62", "missing_lines": 3, "excluded_lines": 0, "percent_statements_covered": 62.5, "percent_statements_covered_display": "62", "num_branches": 0, "num_partial_branches": 0, "covered_branches": 0, "missing_branches": 0, "percent_branches_covered": 100.0, "percent_branches_covered_display": "100"}, "missing_lines": [144, 145, 146], "excluded_lines": [], "start_line": 138, "executed_branches": [], "missing_branches": []}, "create_app.catalog": {"executed_lines": [151, 152, 153], "summary": {"covered_lines": 3, "num_statements": 5, "percent_covered": 60.0, "percent_covered_display": "60", "missing_lines": 2, "excluded_lines": 0, "percent_statements_covered": 60.0, "percent_statements_covered_display": "60", "num_branches": 0, "num_partial_branches": 0, "covered_branches": 0, "missing_branches": 0, "percent_branches_covered": 100.0, "percent_branches_covered_display": "100"}, "missing_lines": [155, 156], "excluded_lines": [], "start_line": 150, "executed_branches": [], "missing_branches": []}, "create_app.answer": {"executed_lines": [159, 160, 161, 162, 163, 164, 165, 170], "summary": {"covered_lines": 8, "num_statements": 11, "percent_covered": 76.92307692307692, "percent_covered_display": "77", "missing_lines": 3, "excluded_lines": 0, "percent_statements_covered": 72.72727272727273, "percent_statements_covered_display": "73", "num_branches": 2, "num_partial_branches": 0, "covered_branches": 2, "missing_branches": 0, "percent_branches_covered": 100.0, "percent_branches_covered_display": "100"}, "missing_lines": [166, 167, 168], "excluded_lines": [], "start_line": 158, "executed_branches": [[159, 160], [159, 161]], "missing_branches": []}, "create_app.ask_get": {"executed_lines": [], "summary": {"covered_lines": 0, "num_statements": 1, "percent_covered": 0.0, "percent_covered_display": "0", "missing_lines": 1, "excluded_lines": 0, "percent_statements_covered": 0.0, "percent_statements_covered_display": "0", "num_branches": 0, "num_partial_branches": 0, "covered_branches": 0, "missing_branches": 0, "percent_branches_covered": 100.0, "percent_branches_covered_display": "100"}, "missing_lines": [174], "excluded_lines": [], "start_line": 173, "executed_branches": [], "missing_branches": []}, "create_app.ask_post": {"executed_lines": [178], "summary": {"covered_lines": 1, "num_statements": 1, "percent_covered": 100.0, "percent_covered_display": "100", "missing_lines": 0, "excluded_lines": 0, "percent_statements_covered": 100.0, "percent_statements_covered_display": "100", "num_branches": 0, "num_partial_branches": 0, "covered_branches": 0, "missing_branches": 0, "percent_branches_covered": 100.0, "percent_branches_covered_display": "100"}, "missing_lines": [], "excluded_lines": [], "start_line": 177, "executed_branches": [], "missing_branches": []}, "create_app.home": {"executed_lines": [185], "summary": {"covered_lines": 1, "num_statements": 1, "percent_covered": 100.0, "percent_covered_display": "100", "missing_lines": 0, "excluded_lines": 0, "percent_statements_covered": 100.0, "percent_statements_covered_display": "100", "num_branches": 0, "num_partial_branches": 0, "covered_branches": 0, "missing_branches": 0, "percent_branches_covered": 100.0, "percent_branches_covered_display": "100"}, "missing_lines": [], "excluded_lines": [], "start_line": 184, "executed_branches": [], "missing_branches": []}, "": {"executed_lines": [1, 3, 4, 5, 6, 7, 8, 9, 10, 11, 13, 14, 15, 16, 17, 19, 20, 21, 22, 23, 24, 25, 27, 30, 31, 32, 35, 37, 43, 54, 58], "summary": {"covered_lines": 31, "num_statements": 31, "percent_covered": 100.0, "percent_covered_display": "100", "missing_lines": 0, "excluded_lines": 0, "percent_statements_covered": 100.0, "percent_statements_covered_display": "100", "num_branches": 0, "num_partial_branches": 0, "covered_branches": 0, "missing_branches": 0, "percent_branches_covered": 100.0, "percent_branches_covered_display": "100"}, "missing_lines": [], "excluded_lines": [], "start_line": 1, "executed_branches": [], "missing_branches": []}}, "classes": {"AskRequest": {"executed_lines": [], "summary": {"covered_lines": 0, "num_statements": 0, "percent_covered": 100.0, "percent_covered_display": "100", "missing_lines": 0, "excluded_lines": 0, "percent_statements_covered": 100.0, "percent_statements_covered_display": "100", "num_branches": 0, "num_partial_branches": 0, "covered_branches": 0, "missing_branches": 0, "percent_branches_covered": 100.0, "percent_branches_covered_display": "100"}, "missing_lines": [], "excluded_lines": [], "start_line": 30, "executed_branches": [], "missing_branches": []}, "RequestBudget": {"executed_lines": [38, 39, 40, 41, 44, 45, 46, 47, 48, 49, 50, 52, 55], "summary": {"covered_lines": 13, "num_statements": 14, "percent_covered": 90.0, "percent_covered_display": "90", "missing_lines": 1, "excluded_lines": 0, "percent_statements_covered": 92.85714285714286, "percent_statements_covered_display": "93", "num_branches": 6, "num_partial_branches": 1, "covered_branches": 5, "missing_branches": 1, "percent_branches_covered": 83.33333333333333, "percent_branches_covered_display": "83"}, "missing_lines": [51], "excluded_lines": [], "start_line": 35, "executed_branches": [[46, 47], [46, 48], [48, 49], [48, 50], [50, 52]], "missing_branches": [[50, 51]]}, "": {"executed_lines": [1, 3, 4, 5, 6, 7, 8, 9, 10, 11, 13, 14, 15, 16, 17, 19, 20, 21, 22, 23, 24, 25, 27, 30, 31, 32, 35, 37, 43, 54, 58, 59, 60, 61, 62, 64, 65, 68, 70, 71, 72, 73, 77, 79, 80, 81, 83, 84, 85, 86, 87, 88, 89, 91, 92, 93, 95, 96, 97, 98, 99, 100, 101, 102, 103, 104, 105, 106, 107, 111, 113, 114, 115, 116, 117, 118, 119, 122, 123, 124, 126, 127, 128, 129, 130, 131, 137, 138, 139, 140, 141, 142, 147, 149, 150, 151, 152, 153, 158, 159, 160, 161, 162, 163, 164, 165, 170, 172, 173, 176, 177, 178, 180, 181, 183, 184, 185, 187], "summary": {"covered_lines": 118, "num_statements": 135, "percent_covered": 86.39455782312925, "percent_covered_display": "86", "missing_lines": 17, "excluded_lines": 0, "percent_statements_covered": 87.4074074074074, "percent_statements_covered_display": "87", "num_branches": 12, "num_partial_branches": 3, "covered_branches": 9, "missing_branches": 3, "percent_branches_covered": 75.0, "percent_branches_covered_display": "75"}, "missing_lines": [63, 66, 74, 75, 132, 133, 134, 135, 144, 145, 146, 155, 156, 166, 167, 168, 174], "excluded_lines": [], "start_line": 1, "executed_branches": [[62, 64], [65, 68], [73, -70], [92, -91], [92, 93], [106, 107], [106, 111], [159, 160], [159, 161]], "missing_branches": [[62, 63], [65, 66], [73, 74]]}}}, "src/veritylake/cli.py": {"executed_lines": [1, 3, 4, 5, 6, 7, 9, 10, 11, 12, 15, 16, 17, 18, 19, 20, 21, 22, 23, 24, 25, 26, 27, 28, 29, 30, 31, 32, 33, 34, 35, 36, 37, 38, 39, 40, 41, 42, 46, 47, 48, 49, 50, 51, 52, 53, 56, 58, 59, 60, 61, 86, 89], "summary": {"covered_lines": 53, "num_statements": 80, "percent_covered": 60.37735849056604, "percent_covered_display": "60", "missing_lines": 27, "excluded_lines": 0, "percent_statements_covered": 66.25, "percent_statements_covered_display": "66", "num_branches": 26, "num_partial_branches": 5, "covered_branches": 11, "missing_branches": 15, "percent_branches_covered": 42.30769230769231, "percent_branches_covered_display": "42"}, "missing_lines": [43, 44, 45, 54, 55, 57, 62, 63, 64, 65, 66, 67, 68, 69, 70, 71, 74, 75, 76, 77, 79, 80, 82, 83, 84, 85, 90], "excluded_lines": [], "executed_branches": [[42, 46], [46, 47], [46, 48], [48, 49], [48, 56], [53, 86], [56, 58], [58, 59], [58, 60], [60, 61], [89, -1]], "missing_branches": [[42, 43], [43, 44], [43, 45], [53, 54], [56, 57], [60, 62], [62, 63], [62, 64], [64, 65], [64, 69], [69, 70], [69, 79], [75, 76], [75, 86], [89, 90]], "functions": {"main": {"executed_lines": [16, 17, 18, 19, 20, 21, 22, 23, 24, 25, 26, 27, 28, 29, 30, 31, 32, 33, 34, 35, 36, 37, 38, 39, 40, 41, 42, 46, 47, 48, 49, 50, 51, 52, 53, 56, 58, 59, 60, 61, 86], "summary": {"covered_lines": 41, "num_statements": 67, "percent_covered": 56.043956043956044, "percent_covered_display": "56", "missing_lines": 26, "excluded_lines": 0, "percent_statements_covered": 61.19402985074627, "percent_statements_covered_display": "61", "num_branches": 24, "num_partial_branches": 4, "covered_branches": 10, "missing_branches": 14, "percent_branches_covered": 41.666666666666664, "percent_branches_covered_display": "42"}, "missing_lines": [43, 44, 45, 54, 55, 57, 62, 63, 64, 65, 66, 67, 68, 69, 70, 71, 74, 75, 76, 77, 79, 80, 82, 83, 84, 85], "excluded_lines": [], "start_line": 15, "executed_branches": [[42, 46], [46, 47], [46, 48], [48, 49], [48, 56], [53, 86], [56, 58], [58, 59], [58, 60], [60, 61]], "missing_branches": [[42, 43], [43, 44], [43, 45], [53, 54], [56, 57], [60, 62], [62, 63], [62, 64], [64, 65], [64, 69], [69, 70], [69, 79], [75, 76], [75, 86]]}, "": {"executed_lines": [1, 3, 4, 5, 6, 7, 9, 10, 11, 12, 15, 89], "summary": {"covered_lines": 12, "num_statements": 13, "percent_covered": 86.66666666666667, "percent_covered_display": "87", "missing_lines": 1, "excluded_lines": 0, "percent_statements_covered": 92.3076923076923, "percent_statements_covered_display": "92", "num_branches": 2, "num_partial_branches": 1, "covered_branches": 1, "missing_branches": 1, "percent_branches_covered": 50.0, "percent_branches_covered_display": "50"}, "missing_lines": [90], "excluded_lines": [], "start_line": 1, "executed_branches": [[89, -1]], "missing_branches": [[89, 90]]}}, "classes": {"": {"executed_lines": [1, 3, 4, 5, 6, 7, 9, 10, 11, 12, 15, 16, 17, 18, 19, 20, 21, 22, 23, 24, 25, 26, 27, 28, 29, 30, 31, 32, 33, 34, 35, 36, 37, 38, 39, 40, 41, 42, 46, 47, 48, 49, 50, 51, 52, 53, 56, 58, 59, 60, 61, 86, 89], "summary": {"covered_lines": 53, "num_statements": 80, "percent_covered": 60.37735849056604, "percent_covered_display": "60", "missing_lines": 27, "excluded_lines": 0, "percent_statements_covered": 66.25, "percent_statements_covered_display": "66", "num_branches": 26, "num_partial_branches": 5, "covered_branches": 11, "missing_branches": 15, "percent_branches_covered": 42.30769230769231, "percent_branches_covered_display": "42"}, "missing_lines": [43, 44, 45, 54, 55, 57, 62, 63, 64, 65, 66, 67, 68, 69, 70, 71, 74, 75, 76, 77, 79, 80, 82, 83, 84, 85, 90], "excluded_lines": [], "start_line": 1, "executed_branches": [[42, 46], [46, 47], [46, 48], [48, 49], [48, 56], [53, 86], [56, 58], [58, 59], [58, 60], [60, 61], [89, -1]], "missing_branches": [[42, 43], [43, 44], [43, 45], [53, 54], [56, 57], [60, 62], [62, 63], [62, 64], [64, 65], [64, 69], [69, 70], [69, 79], [75, 76], [75, 86], [89, 90]]}}}, "src/veritylake/config.py": {"executed_lines": [1, 3, 4, 5, 7, 8, 10, 13, 14, 15, 16, 17, 18, 19, 20, 21, 22, 23, 24, 25, 26, 27, 28, 29, 30, 31, 32, 33, 34, 35, 36, 37, 38, 39, 40, 41, 42, 43, 44, 45, 46, 47, 48, 49, 50, 51, 52, 53, 54, 55, 56, 57, 58, 59, 60, 61, 62, 63, 64, 65, 67, 69, 70, 71, 73, 74, 75, 76, 77, 78, 79, 81, 82, 83, 86, 88, 89, 95, 97, 98], "summary": {"covered_lines": 80, "num_statements": 83, "percent_covered": 92.63157894736842, "percent_covered_display": "93", "missing_lines": 3, "excluded_lines": 0, "percent_statements_covered": 96.3855421686747, "percent_statements_covered_display": "96", "num_branches": 12, "num_partial_branches": 2, "covered_branches": 8, "missing_branches": 4, "percent_branches_covered": 66.66666666666667, "percent_branches_covered_display": "67"}, "missing_lines": [80, 84, 85], "excluded_lines": [], "executed_branches": [[75, 76], [75, 77], [77, 78], [77, 79], [79, 81], [81, 82], [81, 83], [83, 86]], "missing_branches": [[79, 80], [83, 84], [84, 85], [84, 86]], "functions": {"Settings.empty_is_none": {"executed_lines": [71], "summary": {"covered_lines": 1, "num_statements": 1, "percent_covered": 100.0, "percent_covered_display": "100", "missing_lines": 0, "excluded_lines": 0, "percent_statements_covered": 100.0, "percent_statements_covered_display": "100", "num_branches": 0, "num_partial_branches": 0, "covered_branches": 0, "missing_branches": 0, "percent_branches_covered": 100.0, "percent_branches_covered_display": "100"}, "missing_lines": [], "excluded_lines": [], "start_line": 70, "executed_branches": [], "missing_branches": []}, "Settings.coherent": {"executed_lines": [75, 76, 77, 78, 79, 81, 82, 83, 86], "summary": {"covered_lines": 9, "num_statements": 12, "percent_covered": 70.83333333333333, "percent_covered_display": "71", "missing_lines": 3, "excluded_lines": 0, "percent_statements_covered": 75.0, "percent_statements_covered_display": "75", "num_branches": 12, "num_partial_branches": 2, "covered_branches": 8, "missing_branches": 4, "percent_branches_covered": 66.66666666666667, "percent_branches_covered_display": "67"}, "missing_lines": [80, 84, 85], "excluded_lines": [], "start_line": 74, "executed_branches": [[75, 76], [75, 77], [77, 78], [77, 79], [79, 81], [81, 82], [81, 83], [83, 86]], "missing_branches": [[79, 80], [83, 84], [84, 85], [84, 86]]}, "Settings.public_pipeline_config": {"executed_lines": [89, 95], "summary": {"covered_lines": 2, "num_statements": 2, "percent_covered": 100.0, "percent_covered_display": "100", "missing_lines": 0, "excluded_lines": 0, "percent_statements_covered": 100.0, "percent_statements_covered_display": "100", "num_branches": 0, "num_partial_branches": 0, "covered_branches": 0, "missing_branches": 0, "percent_branches_covered": 100.0, "percent_branches_covered_display": "100"}, "missing_lines": [], "excluded_lines": [], "start_line": 88, "executed_branches": [], "missing_branches": []}, "Settings.pipeline_fingerprint": {"executed_lines": [98], "summary": {"covered_lines": 1, "num_statements": 1, "percent_covered": 100.0, "percent_covered_display": "100", "missing_lines": 0, "excluded_lines": 0, "percent_statements_covered": 100.0, "percent_statements_covered_display": "100", "num_branches": 0, "num_partial_branches": 0, "covered_branches": 0, "missing_branches": 0, "percent_branches_covered": 100.0, "percent_branches_covered_display": "100"}, "missing_lines": [], "excluded_lines": [], "start_line": 97, "executed_branches": [], "missing_branches": []}, "": {"executed_lines": [1, 3, 4, 5, 7, 8, 10, 13, 14, 15, 16, 17, 18, 19, 20, 21, 22, 23, 24, 25, 26, 27, 28, 29, 30, 31, 32, 33, 34, 35, 36, 37, 38, 39, 40, 41, 42, 43, 44, 45, 46, 47, 48, 49, 50, 51, 52, 53, 54, 55, 56, 57, 58, 59, 60, 61, 62, 63, 64, 65, 67, 69, 70, 73, 74, 88, 97], "summary": {"covered_lines": 67, "num_statements": 67, "percent_covered": 100.0, "percent_covered_display": "100", "missing_lines": 0, "excluded_lines": 0, "percent_statements_covered": 100.0, "percent_statements_covered_display": "100", "num_branches": 0, "num_partial_branches": 0, "covered_branches": 0, "missing_branches": 0, "percent_branches_covered": 100.0, "percent_branches_covered_display": "100"}, "missing_lines": [], "excluded_lines": [], "start_line": 1, "executed_branches": [], "missing_branches": []}}, "classes": {"Settings": {"executed_lines": [71, 75, 76, 77, 78, 79, 81, 82, 83, 86, 89, 95, 98], "summary": {"covered_lines": 13, "num_statements": 16, "percent_covered": 75.0, "percent_covered_display": "75", "missing_lines": 3, "excluded_lines": 0, "percent_statements_covered": 81.25, "percent_statements_covered_display": "81", "num_branches": 12, "num_partial_branches": 2, "covered_branches": 8, "missing_branches": 4, "percent_branches_covered": 66.66666666666667, "percent_branches_covered_display": "67"}, "missing_lines": [80, 84, 85], "excluded_lines": [], "start_line": 13, "executed_branches": [[75, 76], [75, 77], [77, 78], [77, 79], [79, 81], [81, 82], [81, 83], [83, 86]], "missing_branches": [[79, 80], [83, 84], [84, 85], [84, 86]]}, "": {"executed_lines": [1, 3, 4, 5, 7, 8, 10, 13, 14, 15, 16, 17, 18, 19, 20, 21, 22, 23, 24, 25, 26, 27, 28, 29, 30, 31, 32, 33, 34, 35, 36, 37, 38, 39, 40, 41, 42, 43, 44, 45, 46, 47, 48, 49, 50, 51, 52, 53, 54, 55, 56, 57, 58, 59, 60, 61, 62, 63, 64, 65, 67, 69, 70, 73, 74, 88, 97], "summary": {"covered_lines": 67, "num_statements": 67, "percent_covered": 100.0, "percent_covered_display": "100", "missing_lines": 0, "excluded_lines": 0, "percent_statements_covered": 100.0, "percent_statements_covered_display": "100", "num_branches": 0, "num_partial_branches": 0, "covered_branches": 0, "missing_branches": 0, "percent_branches_covered": 100.0, "percent_branches_covered_display": "100"}, "missing_lines": [], "excluded_lines": [], "start_line": 1, "executed_branches": [], "missing_branches": []}}}, "src/veritylake/crawler.py": {"executed_lines": [1, 3, 4, 5, 6, 7, 8, 9, 10, 11, 12, 14, 16, 17, 18, 20, 23, 24, 27, 28, 31, 32, 33, 34, 35, 36, 37, 38, 39, 40, 41, 42, 43, 44, 45, 47, 50, 51, 52, 53, 54, 55, 57, 58, 59, 60, 61, 62, 63, 65, 66, 67, 70, 71, 72, 75, 77, 79, 80, 81, 86, 87, 88, 89, 90, 91, 93, 94, 97, 98, 99, 100, 101, 103, 104, 105, 106, 114, 115, 116, 117, 118, 119, 120, 121, 122, 123, 124, 126, 127, 129, 130, 131, 132, 133, 135, 136, 137, 138, 139, 140, 141, 142, 143, 148, 149, 150, 151, 152, 153, 154, 155, 157, 158, 159, 160, 161, 162, 163, 165, 166, 170, 171, 172, 173, 174, 175, 176, 177, 178, 180, 181, 182, 183, 184, 185, 187, 188, 189, 190, 191, 192, 193, 199, 200, 201, 202, 203, 205, 207, 208, 209, 212, 214, 215, 216, 217, 220], "summary": {"covered_lines": 158, "num_statements": 181, "percent_covered": 84.73895582329317, "percent_covered_display": "85", "missing_lines": 23, "excluded_lines": 0, "percent_statements_covered": 87.29281767955801, "percent_statements_covered_display": "87", "num_branches": 68, "num_partial_branches": 15, "covered_branches": 53, "missing_branches": 15, "percent_branches_covered": 77.94117647058823, "percent_branches_covered_display": "78"}, "missing_lines": [46, 64, 68, 69, 95, 107, 108, 109, 110, 111, 112, 128, 134, 145, 146, 164, 179, 186, 204, 206, 210, 211, 213], "excluded_lines": [], "executed_branches": [[33, 34], [33, 35], [35, 36], [35, 37], [37, 38], [37, 39], [40, 41], [40, 42], [45, 47], [60, 61], [60, 62], [63, 65], [65, 66], [65, 72], [70, 71], [94, -93], [99, 100], [99, 101], [104, 105], [115, 116], [117, 118], [117, 119], [119, 120], [122, 123], [122, 131], [124, 126], [124, 127], [127, 129], [131, 132], [131, 137], [133, 135], [139, 140], [139, 143], [141, 139], [141, 142], [152, 153], [152, 154], [154, 155], [154, 157], [161, 162], [161, 163], [163, 165], [176, 177], [176, 217], [178, 180], [185, 187], [191, 192], [199, 176], [199, 200], [203, 205], [205, 207], [207, 199], [207, 208]], "missing_branches": [[45, 46], [63, 64], [70, 72], [94, 95], [104, 112], [115, 146], [119, 145], [127, 128], [133, 134], [163, 164], [178, 179], [185, 186], [191, 193], [203, 204], [205, 206]], "functions": {"canonical_url": {"executed_lines": [32, 33, 34, 35, 36, 37, 38, 39, 40, 41, 42, 43, 44, 45, 47], "summary": {"covered_lines": 15, "num_statements": 16, "percent_covered": 92.3076923076923, "percent_covered_display": "92", "missing_lines": 1, "excluded_lines": 0, "percent_statements_covered": 93.75, "percent_statements_covered_display": "94", "num_branches": 10, "num_partial_branches": 1, "covered_branches": 9, "missing_branches": 1, "percent_branches_covered": 90.0, "percent_branches_covered_display": "90"}, "missing_lines": [46], "excluded_lines": [], "start_line": 31, "executed_branches": [[33, 34], [33, 35], [35, 36], [35, 37], [37, 38], [37, 39], [40, 41], [40, 42], [45, 47]], "missing_branches": [[45, 46]]}, "URLPolicy.__init__": {"executed_lines": [52, 53, 54, 55], "summary": {"covered_lines": 4, "num_statements": 4, "percent_covered": 100.0, "percent_covered_display": "100", "missing_lines": 0, "excluded_lines": 0, "percent_statements_covered": 100.0, "percent_statements_covered_display": "100", "num_branches": 0, "num_partial_branches": 0, "covered_branches": 0, "missing_branches": 0, "percent_branches_covered": 100.0, "percent_branches_covered_display": "100"}, "missing_lines": [], "excluded_lines": [], "start_line": 51, "executed_branches": [], "missing_branches": []}, "URLPolicy.check": {"executed_lines": [58, 59, 60, 61, 62, 63, 65, 66, 67, 70, 71, 72], "summary": {"covered_lines": 12, "num_statements": 15, "percent_covered": 78.26086956521739, "percent_covered_display": "78", "missing_lines": 3, "excluded_lines": 0, "percent_statements_covered": 80.0, "percent_statements_covered_display": "80", "num_branches": 8, "num_partial_branches": 2, "covered_branches": 6, "missing_branches": 2, "percent_branches_covered": 75.0, "percent_branches_covered_display": "75"}, "missing_lines": [64, 68, 69], "excluded_lines": [], "start_line": 57, "executed_branches": [[60, 61], [60, 62], [63, 65], [65, 66], [65, 72], [70, 71]], "missing_branches": [[63, 64], [70, 72]]}, "Crawler.__init__": {"executed_lines": [79, 80, 81, 86, 87, 88, 89, 90, 91], "summary": {"covered_lines": 9, "num_statements": 9, "percent_covered": 100.0, "percent_covered_display": "100", "missing_lines": 0, "excluded_lines": 0, "percent_statements_covered": 100.0, "percent_statements_covered_display": "100", "num_branches": 0, "num_partial_branches": 0, "covered_branches": 0, "missing_branches": 0, "percent_branches_covered": 100.0, "percent_branches_covered_display": "100"}, "missing_lines": [], "excluded_lines": [], "start_line": 77, "executed_branches": [], "missing_branches": []}, "Crawler.close": {"executed_lines": [94], "summary": {"covered_lines": 1, "num_statements": 2, "percent_covered": 50.0, "percent_covered_display": "50", "missing_lines": 1, "excluded_lines": 0, "percent_statements_covered": 50.0, "percent_statements_covered_display": "50", "num_branches": 2, "num_partial_branches": 1, "covered_branches": 1, "missing_branches": 1, "percent_branches_covered": 50.0, "percent_branches_covered_display": "50"}, "missing_lines": [95], "excluded_lines": [], "start_line": 93, "executed_branches": [[94, -93]], "missing_branches": [[94, 95]]}, "Crawler._wait": {"executed_lines": [98, 99, 100, 101], "summary": {"covered_lines": 4, "num_statements": 4, "percent_covered": 100.0, "percent_covered_display": "100", "missing_lines": 0, "excluded_lines": 0, "percent_statements_covered": 100.0, "percent_statements_covered_display": "100", "num_branches": 2, "num_partial_branches": 0, "covered_branches": 2, "missing_branches": 0, "percent_branches_covered": 100.0, "percent_branches_covered_display": "100"}, "missing_lines": [], "excluded_lines": [], "start_line": 97, "executed_branches": [[99, 100], [99, 101]], "missing_branches": []}, "Crawler._retry_after": {"executed_lines": [104, 105, 106], "summary": {"covered_lines": 3, "num_statements": 9, "percent_covered": 36.36363636363637, "percent_covered_display": "36", "missing_lines": 6, "excluded_lines": 0, "percent_statements_covered": 33.333333333333336, "percent_statements_covered_display": "33", "num_branches": 2, "num_partial_branches": 1, "covered_branches": 1, "missing_branches": 1, "percent_branches_covered": 50.0, "percent_branches_covered_display": "50"}, "missing_lines": [107, 108, 109, 110, 111, 112], "excluded_lines": [], "start_line": 103, "executed_branches": [[104, 105]], "missing_branches": [[104, 112]]}, "Crawler._request": {"executed_lines": [115, 116, 117, 118, 119, 120, 121, 122, 123, 124, 126, 127, 129, 130, 131, 132, 133, 135, 136, 137, 138, 139, 140, 141, 142, 143], "summary": {"covered_lines": 26, "num_statements": 30, "percent_covered": 84.0, "percent_covered_display": "84", "missing_lines": 4, "excluded_lines": 0, "percent_statements_covered": 86.66666666666667, "percent_statements_covered_display": "87", "num_branches": 20, "num_partial_branches": 4, "covered_branches": 16, "missing_branches": 4, "percent_branches_covered": 80.0, "percent_branches_covered_display": "80"}, "missing_lines": [128, 134, 145, 146], "excluded_lines": [], "start_line": 114, "executed_branches": [[115, 116], [117, 118], [117, 119], [119, 120], [122, 123], [122, 131], [124, 126], [124, 127], [127, 129], [131, 132], [131, 137], [133, 135], [139, 140], [139, 143], [141, 139], [141, 142]], "missing_branches": [[115, 146], [119, 145], [127, 128], [133, 134]]}, "Crawler.load_robots": {"executed_lines": [149, 150, 151, 152, 153, 154, 155, 157, 158, 159, 160, 161, 162, 163, 165, 166], "summary": {"covered_lines": 16, "num_statements": 17, "percent_covered": 92.0, "percent_covered_display": "92", "missing_lines": 1, "excluded_lines": 0, "percent_statements_covered": 94.11764705882354, "percent_statements_covered_display": "94", "num_branches": 8, "num_partial_branches": 1, "covered_branches": 7, "missing_branches": 1, "percent_branches_covered": 87.5, "percent_branches_covered_display": "88"}, "missing_lines": [164], "excluded_lines": [], "start_line": 148, "executed_branches": [[152, 153], [152, 154], [154, 155], [154, 157], [161, 162], [161, 163], [163, 165]], "missing_branches": [[163, 164]]}, "Crawler.crawl": {"executed_lines": [171, 172, 173, 174, 175, 176, 177, 178, 180, 181, 182, 183, 184, 185, 187, 188, 189, 190, 191, 192, 193, 199, 200, 201, 202, 203, 205, 207, 208, 209, 212, 214, 215, 216, 217, 220], "summary": {"covered_lines": 36, "num_statements": 43, "percent_covered": 79.66101694915254, "percent_covered_display": "80", "missing_lines": 7, "excluded_lines": 0, "percent_statements_covered": 83.72093023255815, "percent_statements_covered_display": "84", "num_branches": 16, "num_partial_branches": 5, "covered_branches": 11, "missing_branches": 5, "percent_branches_covered": 68.75, "percent_branches_covered_display": "69"}, "missing_lines": [179, 186, 204, 206, 210, 211, 213], "excluded_lines": [], "start_line": 170, "executed_branches": [[176, 177], [176, 217], [178, 180], [185, 187], [191, 192], [199, 176], [199, 200], [203, 205], [205, 207], [207, 199], [207, 208]], "missing_branches": [[178, 179], [185, 186], [191, 193], [203, 204], [205, 206]]}, "": {"executed_lines": [1, 3, 4, 5, 6, 7, 8, 9, 10, 11, 12, 14, 16, 17, 18, 20, 23, 24, 27, 28, 31, 50, 51, 57, 75, 77, 93, 97, 103, 114, 148, 170], "summary": {"covered_lines": 32, "num_statements": 32, "percent_covered": 100.0, "percent_covered_display": "100", "missing_lines": 0, "excluded_lines": 0, "percent_statements_covered": 100.0, "percent_statements_covered_display": "100", "num_branches": 0, "num_partial_branches": 0, "covered_branches": 0, "missing_branches": 0, "percent_branches_covered": 100.0, "percent_branches_covered_display": "100"}, "missing_lines": [], "excluded_lines": [], "start_line": 1, "executed_branches": [], "missing_branches": []}}, "classes": {"CrawlPolicyError": {"executed_lines": [], "summary": {"covered_lines": 0, "num_statements": 0, "percent_covered": 100.0, "percent_covered_display": "100", "missing_lines": 0, "excluded_lines": 0, "percent_statements_covered": 100.0, "percent_statements_covered_display": "100", "num_branches": 0, "num_partial_branches": 0, "covered_branches": 0, "missing_branches": 0, "percent_branches_covered": 100.0, "percent_branches_covered_display": "100"}, "missing_lines": [], "excluded_lines": [], "start_line": 23, "executed_branches": [], "missing_branches": []}, "CrawlBackoffError": {"executed_lines": [], "summary": {"covered_lines": 0, "num_statements": 0, "percent_covered": 100.0, "percent_covered_display": "100", "missing_lines": 0, "excluded_lines": 0, "percent_statements_covered": 100.0, "percent_statements_covered_display": "100", "num_branches": 0, "num_partial_branches": 0, "covered_branches": 0, "missing_branches": 0, "percent_branches_covered": 100.0, "percent_branches_covered_display": "100"}, "missing_lines": [], "excluded_lines": [], "start_line": 27, "executed_branches": [], "missing_branches": []}, "URLPolicy": {"executed_lines": [52, 53, 54, 55, 58, 59, 60, 61, 62, 63, 65, 66, 67, 70, 71, 72], "summary": {"covered_lines": 16, "num_statements": 19, "percent_covered": 81.48148148148148, "percent_covered_display": "81", "missing_lines": 3, "excluded_lines": 0, "percent_statements_covered": 84.21052631578948, "percent_statements_covered_display": "84", "num_branches": 8, "num_partial_branches": 2, "covered_branches": 6, "missing_branches": 2, "percent_branches_covered": 75.0, "percent_branches_covered_display": "75"}, "missing_lines": [64, 68, 69], "excluded_lines": [], "start_line": 50, "executed_branches": [[60, 61], [60, 62], [63, 65], [65, 66], [65, 72], [70, 71]], "missing_branches": [[63, 64], [70, 72]]}, "Crawler": {"executed_lines": [79, 80, 81, 86, 87, 88, 89, 90, 91, 94, 98, 99, 100, 101, 104, 105, 106, 115, 116, 117, 118, 119, 120, 121, 122, 123, 124, 126, 127, 129, 130, 131, 132, 133, 135, 136, 137, 138, 139, 140, 141, 142, 143, 149, 150, 151, 152, 153, 154, 155, 157, 158, 159, 160, 161, 162, 163, 165, 166, 171, 172, 173, 174, 175, 176, 177, 178, 180, 181, 182, 183, 184, 185, 187, 188, 189, 190, 191, 192, 193, 199, 200, 201, 202, 203, 205, 207, 208, 209, 212, 214, 215, 216, 217, 220], "summary": {"covered_lines": 95, "num_statements": 114, "percent_covered": 81.09756097560975, "percent_covered_display": "81", "missing_lines": 19, "excluded_lines": 0, "percent_statements_covered": 83.33333333333333, "percent_statements_covered_display": "83", "num_branches": 50, "num_partial_branches": 12, "covered_branches": 38, "missing_branches": 12, "percent_branches_covered": 76.0, "percent_branches_covered_display": "76"}, "missing_lines": [95, 107, 108, 109, 110, 111, 112, 128, 134, 145, 146, 164, 179, 186, 204, 206, 210, 211, 213], "excluded_lines": [], "start_line": 75, "executed_branches": [[94, -93], [99, 100], [99, 101], [104, 105], [115, 116], [117, 118], [117, 119], [119, 120], [122, 123], [122, 131], [124, 126], [124, 127], [127, 129], [131, 132], [131, 137], [133, 135], [139, 140], [139, 143], [141, 139], [141, 142], [152, 153], [152, 154], [154, 155], [154, 157], [161, 162], [161, 163], [163, 165], [176, 177], [176, 217], [178, 180], [185, 187], [191, 192], [199, 176], [199, 200], [203, 205], [205, 207], [207, 199], [207, 208]], "missing_branches": [[94, 95], [104, 112], [115, 146], [119, 145], [127, 128], [133, 134], [163, 164], [178, 179], [185, 186], [191, 193], [203, 204], [205, 206]]}, "": {"executed_lines": [1, 3, 4, 5, 6, 7, 8, 9, 10, 11, 12, 14, 16, 17, 18, 20, 23, 24, 27, 28, 31, 32, 33, 34, 35, 36, 37, 38, 39, 40, 41, 42, 43, 44, 45, 47, 50, 51, 57, 75, 77, 93, 97, 103, 114, 148, 170], "summary": {"covered_lines": 47, "num_statements": 48, "percent_covered": 96.55172413793103, "percent_covered_display": "97", "missing_lines": 1, "excluded_lines": 0, "percent_statements_covered": 97.91666666666667, "percent_statements_covered_display": "98", "num_branches": 10, "num_partial_branches": 1, "covered_branches": 9, "missing_branches": 1, "percent_branches_covered": 90.0, "percent_branches_covered_display": "90"}, "missing_lines": [46], "excluded_lines": [], "start_line": 1, "executed_branches": [[33, 34], [33, 35], [35, 36], [35, 37], [37, 38], [37, 39], [40, 41], [40, 42], [45, 47]], "missing_branches": [[45, 46]]}}}, "src/veritylake/embeddings.py": {"executed_lines": [1, 3, 5, 7, 8, 9, 12, 13, 16, 17, 18, 19, 20, 22, 23, 24, 25, 26, 27, 30, 31, 33, 34, 35, 37, 39, 43, 44, 45, 46, 47, 48, 49, 50, 52, 55, 56, 60, 61, 63, 64, 65, 66, 69, 70, 71, 73, 74, 75, 76, 77, 78, 79, 80, 81, 82, 83, 84, 85, 86, 87, 89], "summary": {"covered_lines": 62, "num_statements": 69, "percent_covered": 83.50515463917526, "percent_covered_display": "84", "missing_lines": 7, "excluded_lines": 0, "percent_statements_covered": 89.85507246376811, "percent_statements_covered_display": "90", "num_branches": 28, "num_partial_branches": 7, "covered_branches": 19, "missing_branches": 9, "percent_branches_covered": 67.85714285714286, "percent_branches_covered_display": "68"}, "missing_lines": [21, 40, 41, 51, 53, 57, 88], "excluded_lines": [], "executed_branches": [[17, 18], [17, 19], [20, 22], [22, 23], [22, 27], [23, 24], [23, 25], [25, 22], [25, 26], [48, 49], [49, 50], [50, 52], [56, 60], [78, 79], [78, 85], [82, 78], [82, 83], [85, 86], [87, 89]], "missing_branches": [[20, 21], [40, -39], [40, 41], [48, 53], [49, 48], [50, 51], [56, 57], [85, 87], [87, 88]], "functions": {"validate_vectors": {"executed_lines": [17, 18, 19, 20, 22, 23, 24, 25, 26, 27], "summary": {"covered_lines": 10, "num_statements": 11, "percent_covered": 90.47619047619048, "percent_covered_display": "90", "missing_lines": 1, "excluded_lines": 0, "percent_statements_covered": 90.9090909090909, "percent_statements_covered_display": "91", "num_branches": 10, "num_partial_branches": 1, "covered_branches": 9, "missing_branches": 1, "percent_branches_covered": 90.0, "percent_branches_covered_display": "90"}, "missing_lines": [21], "excluded_lines": [], "start_line": 16, "executed_branches": [[17, 18], [17, 19], [20, 22], [22, 23], [22, 27], [23, 24], [23, 25], [25, 22], [25, 26]], "missing_branches": [[20, 21]]}, "OllamaEmbedder.__init__": {"executed_lines": [34, 35, 37], "summary": {"covered_lines": 3, "num_statements": 3, "percent_covered": 100.0, "percent_covered_display": "100", "missing_lines": 0, "excluded_lines": 0, "percent_statements_covered": 100.0, "percent_statements_covered_display": "100", "num_branches": 0, "num_partial_branches": 0, "covered_branches": 0, "missing_branches": 0, "percent_branches_covered": 100.0, "percent_branches_covered_display": "100"}, "missing_lines": [], "excluded_lines": [], "start_line": 33, "executed_branches": [], "missing_branches": []}, "OllamaEmbedder.close": {"executed_lines": [], "summary": {"covered_lines": 0, "num_statements": 2, "percent_covered": 0.0, "percent_covered_display": "0", "missing_lines": 2, "excluded_lines": 0, "percent_statements_covered": 0.0, "percent_statements_covered_display": "0", "num_branches": 2, "num_partial_branches": 0, "covered_branches": 0, "missing_branches": 2, "percent_branches_covered": 0.0, "percent_branches_covered_display": "0"}, "missing_lines": [40, 41], "excluded_lines": [], "start_line": 39, "executed_branches": [], "missing_branches": [[40, -39], [40, 41]]}, "OllamaEmbedder.identity": {"executed_lines": [44, 45, 46, 47, 48, 49, 50, 52], "summary": {"covered_lines": 8, "num_statements": 10, "percent_covered": 68.75, "percent_covered_display": "69", "missing_lines": 2, "excluded_lines": 0, "percent_statements_covered": 80.0, "percent_statements_covered_display": "80", "num_branches": 6, "num_partial_branches": 3, "covered_branches": 3, "missing_branches": 3, "percent_branches_covered": 50.0, "percent_branches_covered_display": "50"}, "missing_lines": [51, 53], "excluded_lines": [], "start_line": 43, "executed_branches": [[48, 49], [49, 50], [50, 52]], "missing_branches": [[48, 53], [49, 48], [50, 51]]}, "OllamaEmbedder.embed": {"executed_lines": [56, 60, 61, 63, 64, 65, 66], "summary": {"covered_lines": 7, "num_statements": 8, "percent_covered": 80.0, "percent_covered_display": "80", "missing_lines": 1, "excluded_lines": 0, "percent_statements_covered": 87.5, "percent_statements_covered_display": "88", "num_branches": 2, "num_partial_branches": 1, "covered_branches": 1, "missing_branches": 1, "percent_branches_covered": 50.0, "percent_branches_covered_display": "50"}, "missing_lines": [57], "excluded_lines": [], "start_line": 55, "executed_branches": [[56, 60]], "missing_branches": [[56, 57]]}, "EmbeddingCache.__init__": {"executed_lines": [71], "summary": {"covered_lines": 1, "num_statements": 1, "percent_covered": 100.0, "percent_covered_display": "100", "missing_lines": 0, "excluded_lines": 0, "percent_statements_covered": 100.0, "percent_statements_covered_display": "100", "num_branches": 0, "num_partial_branches": 0, "covered_branches": 0, "missing_branches": 0, "percent_branches_covered": 100.0, "percent_branches_covered_display": "100"}, "missing_lines": [], "excluded_lines": [], "start_line": 70, "executed_branches": [], "missing_branches": []}, "EmbeddingCache.encode": {"executed_lines": [74, 75, 76, 77, 78, 79, 80, 81, 82, 83, 84, 85, 86, 87, 89], "summary": {"covered_lines": 15, "num_statements": 16, "percent_covered": 87.5, "percent_covered_display": "88", "missing_lines": 1, "excluded_lines": 0, "percent_statements_covered": 93.75, "percent_statements_covered_display": "94", "num_branches": 8, "num_partial_branches": 2, "covered_branches": 6, "missing_branches": 2, "percent_branches_covered": 75.0, "percent_branches_covered_display": "75"}, "missing_lines": [88], "excluded_lines": [], "start_line": 73, "executed_branches": [[78, 79], [78, 85], [82, 78], [82, 83], [85, 86], [87, 89]], "missing_branches": [[85, 87], [87, 88]]}, "": {"executed_lines": [1, 3, 5, 7, 8, 9, 12, 13, 16, 30, 31, 33, 39, 43, 55, 69, 70, 73], "summary": {"covered_lines": 18, "num_statements": 18, "percent_covered": 100.0, "percent_covered_display": "100", "missing_lines": 0, "excluded_lines": 0, "percent_statements_covered": 100.0, "percent_statements_covered_display": "100", "num_branches": 0, "num_partial_branches": 0, "covered_branches": 0, "missing_branches": 0, "percent_branches_covered": 100.0, "percent_branches_covered_display": "100"}, "missing_lines": [], "excluded_lines": [], "start_line": 1, "executed_branches": [], "missing_branches": []}}, "classes": {"ModelUnavailable": {"executed_lines": [], "summary": {"covered_lines": 0, "num_statements": 0, "percent_covered": 100.0, "percent_covered_display": "100", "missing_lines": 0, "excluded_lines": 0, "percent_statements_covered": 100.0, "percent_statements_covered_display": "100", "num_branches": 0, "num_partial_branches": 0, "covered_branches": 0, "missing_branches": 0, "percent_branches_covered": 100.0, "percent_branches_covered_display": "100"}, "missing_lines": [], "excluded_lines": [], "start_line": 12, "executed_branches": [], "missing_branches": []}, "OllamaEmbedder": {"executed_lines": [34, 35, 37, 44, 45, 46, 47, 48, 49, 50, 52, 56, 60, 61, 63, 64, 65, 66], "summary": {"covered_lines": 18, "num_statements": 23, "percent_covered": 66.66666666666667, "percent_covered_display": "67", "missing_lines": 5, "excluded_lines": 0, "percent_statements_covered": 78.26086956521739, "percent_statements_covered_display": "78", "num_branches": 10, "num_partial_branches": 4, "covered_branches": 4, "missing_branches": 6, "percent_branches_covered": 40.0, "percent_branches_covered_display": "40"}, "missing_lines": [40, 41, 51, 53, 57], "excluded_lines": [], "start_line": 30, "executed_branches": [[48, 49], [49, 50], [50, 52], [56, 60]], "missing_branches": [[40, -39], [40, 41], [48, 53], [49, 48], [50, 51], [56, 57]]}, "EmbeddingCache": {"executed_lines": [71, 74, 75, 76, 77, 78, 79, 80, 81, 82, 83, 84, 85, 86, 87, 89], "summary": {"covered_lines": 16, "num_statements": 17, "percent_covered": 88.0, "percent_covered_display": "88", "missing_lines": 1, "excluded_lines": 0, "percent_statements_covered": 94.11764705882354, "percent_statements_covered_display": "94", "num_branches": 8, "num_partial_branches": 2, "covered_branches": 6, "missing_branches": 2, "percent_branches_covered": 75.0, "percent_branches_covered_display": "75"}, "missing_lines": [88], "excluded_lines": [], "start_line": 69, "executed_branches": [[78, 79], [78, 85], [82, 78], [82, 83], [85, 86], [87, 89]], "missing_branches": [[85, 87], [87, 88]]}, "": {"executed_lines": [1, 3, 5, 7, 8, 9, 12, 13, 16, 17, 18, 19, 20, 22, 23, 24, 25, 26, 27, 30, 31, 33, 39, 43, 55, 69, 70, 73], "summary": {"covered_lines": 28, "num_statements": 29, "percent_covered": 94.87179487179488, "percent_covered_display": "95", "missing_lines": 1, "excluded_lines": 0, "percent_statements_covered": 96.55172413793103, "percent_statements_covered_display": "97", "num_branches": 10, "num_partial_branches": 1, "covered_branches": 9, "missing_branches": 1, "percent_branches_covered": 90.0, "percent_branches_covered_display": "90"}, "missing_lines": [21], "excluded_lines": [], "start_line": 1, "executed_branches": [[17, 18], [17, 19], [20, 22], [22, 23], [22, 27], [23, 24], [23, 25], [25, 22], [25, 26]], "missing_branches": [[20, 21]]}}}, "src/veritylake/evaluation.py": {"executed_lines": [1, 3, 4, 5, 8, 9, 10, 11, 12, 13, 14, 15, 16, 18, 19, 20, 21, 22, 23, 24, 27], "summary": {"covered_lines": 21, "num_statements": 22, "percent_covered": 92.85714285714286, "percent_covered_display": "93", "missing_lines": 1, "excluded_lines": 0, "percent_statements_covered": 95.45454545454545, "percent_statements_covered_display": "95", "num_branches": 6, "num_partial_branches": 1, "covered_branches": 5, "missing_branches": 1, "percent_branches_covered": 83.33333333333333, "percent_branches_covered_display": "83"}, "missing_lines": [17], "excluded_lines": [], "executed_branches": [[10, 11], [10, 12], [14, 15], [14, 27], [16, 18]], "missing_branches": [[16, 17]], "functions": {"evaluate_retrieval": {"executed_lines": [9, 10, 11, 12, 13, 14, 15, 16, 18, 19, 20, 21, 22, 23, 24, 27], "summary": {"covered_lines": 16, "num_statements": 17, "percent_covered": 91.30434782608695, "percent_covered_display": "91", "missing_lines": 1, "excluded_lines": 0, "percent_statements_covered": 94.11764705882354, "percent_statements_covered_display": "94", "num_branches": 6, "num_partial_branches": 1, "covered_branches": 5, "missing_branches": 1, "percent_branches_covered": 83.33333333333333, "percent_branches_covered_display": "83"}, "missing_lines": [17], "excluded_lines": [], "start_line": 8, "executed_branches": [[10, 11], [10, 12], [14, 15], [14, 27], [16, 18]], "missing_branches": [[16, 17]]}, "": {"executed_lines": [1, 3, 4, 5, 8], "summary": {"covered_lines": 5, "num_statements": 5, "percent_covered": 100.0, "percent_covered_display": "100", "missing_lines": 0, "excluded_lines": 0, "percent_statements_covered": 100.0, "percent_statements_covered_display": "100", "num_branches": 0, "num_partial_branches": 0, "covered_branches": 0, "missing_branches": 0, "percent_branches_covered": 100.0, "percent_branches_covered_display": "100"}, "missing_lines": [], "excluded_lines": [], "start_line": 1, "executed_branches": [], "missing_branches": []}}, "classes": {"": {"executed_lines": [1, 3, 4, 5, 8, 9, 10, 11, 12, 13, 14, 15, 16, 18, 19, 20, 21, 22, 23, 24, 27], "summary": {"covered_lines": 21, "num_statements": 22, "percent_covered": 92.85714285714286, "percent_covered_display": "93", "missing_lines": 1, "excluded_lines": 0, "percent_statements_covered": 95.45454545454545, "percent_statements_covered_display": "95", "num_branches": 6, "num_partial_branches": 1, "covered_branches": 5, "missing_branches": 1, "percent_branches_covered": 83.33333333333333, "percent_branches_covered_display": "83"}, "missing_lines": [17], "excluded_lines": [], "start_line": 1, "executed_branches": [[10, 11], [10, 12], [14, 15], [14, 27], [16, 18]], "missing_branches": [[16, 17]]}}}, "src/veritylake/lineage.py": {"executed_lines": [1, 3, 4, 5, 7, 9, 10, 12, 13, 14, 17, 18, 19, 21, 23, 35, 36, 41, 43, 44, 50, 52, 53, 54, 55, 56, 57, 58, 59, 60, 62], "summary": {"covered_lines": 31, "num_statements": 36, "percent_covered": 85.0, "percent_covered_display": "85", "missing_lines": 5, "excluded_lines": 0, "percent_statements_covered": 86.11111111111111, "percent_statements_covered_display": "86", "num_branches": 4, "num_partial_branches": 1, "covered_branches": 3, "missing_branches": 1, "percent_branches_covered": 75.0, "percent_branches_covered_display": "75"}, "missing_lines": [45, 46, 47, 48, 49], "excluded_lines": [], "executed_branches": [[35, 36], [35, 41], [44, 50]], "missing_branches": [[44, 45]], "functions": {"Lineage.__init__": {"executed_lines": [19], "summary": {"covered_lines": 1, "num_statements": 1, "percent_covered": 100.0, "percent_covered_display": "100", "missing_lines": 0, "excluded_lines": 0, "percent_statements_covered": 100.0, "percent_statements_covered_display": "100", "num_branches": 0, "num_partial_branches": 0, "covered_branches": 0, "missing_branches": 0, "percent_branches_covered": 100.0, "percent_branches_covered_display": "100"}, "missing_lines": [], "excluded_lines": [], "start_line": 18, "executed_branches": [], "missing_branches": []}, "Lineage.emit": {"executed_lines": [23, 35, 36, 41, 43, 44, 50], "summary": {"covered_lines": 7, "num_statements": 12, "percent_covered": 62.5, "percent_covered_display": "62", "missing_lines": 5, "excluded_lines": 0, "percent_statements_covered": 58.333333333333336, "percent_statements_covered_display": "58", "num_branches": 4, "num_partial_branches": 1, "covered_branches": 3, "missing_branches": 1, "percent_branches_covered": 75.0, "percent_branches_covered_display": "75"}, "missing_lines": [45, 46, 47, 48, 49], "excluded_lines": [], "start_line": 21, "executed_branches": [[35, 36], [35, 41], [44, 50]], "missing_branches": [[44, 45]]}, "Lineage.stage": {"executed_lines": [54, 55, 56, 57, 58, 59, 60, 62], "summary": {"covered_lines": 8, "num_statements": 8, "percent_covered": 100.0, "percent_covered_display": "100", "missing_lines": 0, "excluded_lines": 0, "percent_statements_covered": 100.0, "percent_statements_covered_display": "100", "num_branches": 0, "num_partial_branches": 0, "covered_branches": 0, "missing_branches": 0, "percent_branches_covered": 100.0, "percent_branches_covered_display": "100"}, "missing_lines": [], "excluded_lines": [], "start_line": 53, "executed_branches": [], "missing_branches": []}, "": {"executed_lines": [1, 3, 4, 5, 7, 9, 10, 12, 13, 14, 17, 18, 21, 52, 53], "summary": {"covered_lines": 15, "num_statements": 15, "percent_covered": 100.0, "percent_covered_display": "100", "missing_lines": 0, "excluded_lines": 0, "percent_statements_covered": 100.0, "percent_statements_covered_display": "100", "num_branches": 0, "num_partial_branches": 0, "covered_branches": 0, "missing_branches": 0, "percent_branches_covered": 100.0, "percent_branches_covered_display": "100"}, "missing_lines": [], "excluded_lines": [], "start_line": 1, "executed_branches": [], "missing_branches": []}}, "classes": {"Lineage": {"executed_lines": [19, 23, 35, 36, 41, 43, 44, 50, 54, 55, 56, 57, 58, 59, 60, 62], "summary": {"covered_lines": 16, "num_statements": 21, "percent_covered": 76.0, "percent_covered_display": "76", "missing_lines": 5, "excluded_lines": 0, "percent_statements_covered": 76.19047619047619, "percent_statements_covered_display": "76", "num_branches": 4, "num_partial_branches": 1, "covered_branches": 3, "missing_branches": 1, "percent_branches_covered": 75.0, "percent_branches_covered_display": "75"}, "missing_lines": [45, 46, 47, 48, 49], "excluded_lines": [], "start_line": 17, "executed_branches": [[35, 36], [35, 41], [44, 50]], "missing_branches": [[44, 45]]}, "": {"executed_lines": [1, 3, 4, 5, 7, 9, 10, 12, 13, 14, 17, 18, 21, 52, 53], "summary": {"covered_lines": 15, "num_statements": 15, "percent_covered": 100.0, "percent_covered_display": "100", "missing_lines": 0, "excluded_lines": 0, "percent_statements_covered": 100.0, "percent_statements_covered_display": "100", "num_branches": 0, "num_partial_branches": 0, "covered_branches": 0, "missing_branches": 0, "percent_branches_covered": 100.0, "percent_branches_covered_display": "100"}, "missing_lines": [], "excluded_lines": [], "start_line": 1, "executed_branches": [], "missing_branches": []}}}, "src/veritylake/logging.py": {"executed_lines": [1, 3, 4, 5, 7, 10, 11, 13, 14, 15, 17, 20, 21, 22, 23, 24, 25], "summary": {"covered_lines": 17, "num_statements": 18, "percent_covered": 90.9090909090909, "percent_covered_display": "91", "missing_lines": 1, "excluded_lines": 0, "percent_statements_covered": 94.44444444444444, "percent_statements_covered_display": "94", "num_branches": 4, "num_partial_branches": 1, "covered_branches": 3, "missing_branches": 1, "percent_branches_covered": 75.0, "percent_branches_covered_display": "75"}, "missing_lines": [16], "excluded_lines": [], "executed_branches": [[15, 17], [24, -20], [24, 25]], "missing_branches": [[15, 16]], "functions": {"JSONFormatter.format": {"executed_lines": [13, 14, 15, 17], "summary": {"covered_lines": 4, "num_statements": 5, "percent_covered": 71.42857142857143, "percent_covered_display": "71", "missing_lines": 1, "excluded_lines": 0, "percent_statements_covered": 80.0, "percent_statements_covered_display": "80", "num_branches": 2, "num_partial_branches": 1, "covered_branches": 1, "missing_branches": 1, "percent_branches_covered": 50.0, "percent_branches_covered_display": "50"}, "missing_lines": [16], "excluded_lines": [], "start_line": 11, "executed_branches": [[15, 17]], "missing_branches": [[15, 16]]}, "configure": {"executed_lines": [21, 22, 23, 24, 25], "summary": {"covered_lines": 5, "num_statements": 5, "percent_covered": 100.0, "percent_covered_display": "100", "missing_lines": 0, "excluded_lines": 0, "percent_statements_covered": 100.0, "percent_statements_covered_display": "100", "num_branches": 2, "num_partial_branches": 0, "covered_branches": 2, "missing_branches": 0, "percent_branches_covered": 100.0, "percent_branches_covered_display": "100"}, "missing_lines": [], "excluded_lines": [], "start_line": 20, "executed_branches": [[24, -20], [24, 25]], "missing_branches": []}, "": {"executed_lines": [1, 3, 4, 5, 7, 10, 11, 20], "summary": {"covered_lines": 8, "num_statements": 8, "percent_covered": 100.0, "percent_covered_display": "100", "missing_lines": 0, "excluded_lines": 0, "percent_statements_covered": 100.0, "percent_statements_covered_display": "100", "num_branches": 0, "num_partial_branches": 0, "covered_branches": 0, "missing_branches": 0, "percent_branches_covered": 100.0, "percent_branches_covered_display": "100"}, "missing_lines": [], "excluded_lines": [], "start_line": 1, "executed_branches": [], "missing_branches": []}}, "classes": {"JSONFormatter": {"executed_lines": [13, 14, 15, 17], "summary": {"covered_lines": 4, "num_statements": 5, "percent_covered": 71.42857142857143, "percent_covered_display": "71", "missing_lines": 1, "excluded_lines": 0, "percent_statements_covered": 80.0, "percent_statements_covered_display": "80", "num_branches": 2, "num_partial_branches": 1, "covered_branches": 1, "missing_branches": 1, "percent_branches_covered": 50.0, "percent_branches_covered_display": "50"}, "missing_lines": [16], "excluded_lines": [], "start_line": 10, "executed_branches": [[15, 17]], "missing_branches": [[15, 16]]}, "": {"executed_lines": [1, 3, 4, 5, 7, 10, 11, 20, 21, 22, 23, 24, 25], "summary": {"covered_lines": 13, "num_statements": 13, "percent_covered": 100.0, "percent_covered_display": "100", "missing_lines": 0, "excluded_lines": 0, "percent_statements_covered": 100.0, "percent_statements_covered_display": "100", "num_branches": 2, "num_partial_branches": 0, "covered_branches": 2, "missing_branches": 0, "percent_branches_covered": 100.0, "percent_branches_covered_display": "100"}, "missing_lines": [], "excluded_lines": [], "start_line": 1, "executed_branches": [[24, -20], [24, 25]], "missing_branches": []}}}, "src/veritylake/pipeline.py": {"executed_lines": [1, 3, 4, 5, 6, 8, 9, 10, 11, 12, 13, 14, 15, 16, 17, 18, 20, 21, 24, 25, 27, 28, 29, 30, 31, 32, 34, 35, 36, 38, 40, 41, 42, 44, 46, 47, 48, 50, 52, 53, 54, 55, 56, 57, 59, 60, 63, 65, 66, 68, 69, 70, 72, 73, 75, 77, 78, 79, 80, 81, 82, 83, 84, 85, 86, 87, 88, 89, 90, 91, 93, 94, 96, 98, 100, 101, 102, 103, 104, 105, 106, 107, 108, 109, 110, 111, 112, 113, 114, 115, 116, 117, 118, 120, 122, 124, 125, 126, 127, 128, 129, 132, 133, 134, 135, 136, 137, 138, 139, 140, 141, 142, 143, 145, 146, 147, 148, 149, 151, 152, 153, 154, 155, 157, 158, 159, 160, 161, 162, 164, 165, 166, 167, 168, 169, 170, 171, 172, 173, 179, 181, 182, 183, 185, 187, 188, 189, 190, 193, 194, 195, 196, 197, 198, 204, 206, 208, 209, 210, 212, 213, 214, 215, 216, 217, 219, 220, 222, 223, 224, 226, 227], "summary": {"covered_lines": 172, "num_statements": 184, "percent_covered": 88.73873873873873, "percent_covered_display": "89", "missing_lines": 12, "excluded_lines": 0, "percent_statements_covered": 93.47826086956522, "percent_statements_covered_display": "93", "num_branches": 38, "num_partial_branches": 13, "covered_branches": 25, "missing_branches": 13, "percent_branches_covered": 65.78947368421052, "percent_branches_covered_display": "66"}, "missing_lines": [37, 43, 49, 58, 71, 74, 119, 191, 205, 207, 225, 228], "excluded_lines": [], "executed_branches": [[36, 38], [42, 44], [48, 50], [56, 57], [56, 60], [57, 59], [70, 72], [73, 75], [80, 81], [80, 82], [84, 85], [84, 86], [104, 105], [104, 115], [113, 114], [118, 120], [170, 171], [170, 173], [190, 193], [204, 206], [206, 208], [215, 216], [215, 217], [224, 226], [226, 227]], "missing_branches": [[36, 37], [42, 43], [48, 49], [57, 58], [70, 71], [73, 74], [113, 104], [118, 119], [190, 191], [204, 205], [206, 207], [224, 225], [226, 228]], "functions": {"Pipeline.__init__": {"executed_lines": [27, 28, 29, 30, 31, 32], "summary": {"covered_lines": 6, "num_statements": 6, "percent_covered": 100.0, "percent_covered_display": "100", "missing_lines": 0, "excluded_lines": 0, "percent_statements_covered": 100.0, "percent_statements_covered_display": "100", "num_branches": 0, "num_partial_branches": 0, "covered_branches": 0, "missing_branches": 0, "percent_branches_covered": 100.0, "percent_branches_covered_display": "100"}, "missing_lines": [], "excluded_lines": [], "start_line": 25, "executed_branches": [], "missing_branches": []}, "Pipeline.tables": {"executed_lines": [36, 38], "summary": {"covered_lines": 2, "num_statements": 3, "percent_covered": 60.0, "percent_covered_display": "60", "missing_lines": 1, "excluded_lines": 0, "percent_statements_covered": 66.66666666666667, "percent_statements_covered_display": "67", "num_branches": 2, "num_partial_branches": 1, "covered_branches": 1, "missing_branches": 1, "percent_branches_covered": 50.0, "percent_branches_covered_display": "50"}, "missing_lines": [37], "excluded_lines": [], "start_line": 35, "executed_branches": [[36, 38]], "missing_branches": [[36, 37]]}, "Pipeline.embedder": {"executed_lines": [42, 44], "summary": {"covered_lines": 2, "num_statements": 3, "percent_covered": 60.0, "percent_covered_display": "60", "missing_lines": 1, "excluded_lines": 0, "percent_statements_covered": 66.66666666666667, "percent_statements_covered_display": "67", "num_branches": 2, "num_partial_branches": 1, "covered_branches": 1, "missing_branches": 1, "percent_branches_covered": 50.0, "percent_branches_covered_display": "50"}, "missing_lines": [43], "excluded_lines": [], "start_line": 41, "executed_branches": [[42, 44]], "missing_branches": [[42, 43]]}, "Pipeline.index": {"executed_lines": [48, 50], "summary": {"covered_lines": 2, "num_statements": 3, "percent_covered": 60.0, "percent_covered_display": "60", "missing_lines": 1, "excluded_lines": 0, "percent_statements_covered": 66.66666666666667, "percent_statements_covered_display": "67", "num_branches": 2, "num_partial_branches": 1, "covered_branches": 1, "missing_branches": 1, "percent_branches_covered": 50.0, "percent_branches_covered_display": "50"}, "missing_lines": [49], "excluded_lines": [], "start_line": 47, "executed_branches": [[48, 50]], "missing_branches": [[48, 49]]}, "Pipeline.new_run": {"executed_lines": [53, 54, 55, 56, 57, 59, 60, 63, 65, 66], "summary": {"covered_lines": 10, "num_statements": 11, "percent_covered": 86.66666666666667, "percent_covered_display": "87", "missing_lines": 1, "excluded_lines": 0, "percent_statements_covered": 90.9090909090909, "percent_statements_covered_display": "91", "num_branches": 4, "num_partial_branches": 1, "covered_branches": 3, "missing_branches": 1, "percent_branches_covered": 75.0, "percent_branches_covered_display": "75"}, "missing_lines": [58], "excluded_lines": [], "start_line": 52, "executed_branches": [[56, 57], [56, 60], [57, 59]], "missing_branches": [[57, 58]]}, "Pipeline.result": {"executed_lines": [69, 70, 72, 73, 75], "summary": {"covered_lines": 5, "num_statements": 7, "percent_covered": 63.63636363636363, "percent_covered_display": "64", "missing_lines": 2, "excluded_lines": 0, "percent_statements_covered": 71.42857142857143, "percent_statements_covered_display": "71", "num_branches": 4, "num_partial_branches": 2, "covered_branches": 2, "missing_branches": 2, "percent_branches_covered": 50.0, "percent_branches_covered_display": "50"}, "missing_lines": [71, 74], "excluded_lines": [], "start_line": 68, "executed_branches": [[70, 72], [73, 75]], "missing_branches": [[70, 71], [73, 74]]}, "Pipeline._stage": {"executed_lines": [78, 79, 80, 81, 82, 83, 84, 85, 86, 87, 88, 89, 90, 91, 93, 94, 96, 98], "summary": {"covered_lines": 18, "num_statements": 18, "percent_covered": 100.0, "percent_covered_display": "100", "missing_lines": 0, "excluded_lines": 0, "percent_statements_covered": 100.0, "percent_statements_covered_display": "100", "num_branches": 4, "num_partial_branches": 0, "covered_branches": 4, "missing_branches": 0, "percent_branches_covered": 100.0, "percent_branches_covered_display": "100"}, "missing_lines": [], "excluded_lines": [], "start_line": 77, "executed_branches": [[80, 81], [80, 82], [84, 85], [84, 86]], "missing_branches": []}, "Pipeline.scrape": {"executed_lines": [101, 122], "summary": {"covered_lines": 2, "num_statements": 2, "percent_covered": 100.0, "percent_covered_display": "100", "missing_lines": 0, "excluded_lines": 0, "percent_statements_covered": 100.0, "percent_statements_covered_display": "100", "num_branches": 0, "num_partial_branches": 0, "covered_branches": 0, "missing_branches": 0, "percent_branches_covered": 100.0, "percent_branches_covered_display": "100"}, "missing_lines": [], "excluded_lines": [], "start_line": 100, "executed_branches": [], "missing_branches": []}, "Pipeline.scrape.work": {"executed_lines": [102, 103, 104, 105, 106, 107, 108, 109, 110, 111, 112, 113, 114, 115, 116, 117, 118, 120], "summary": {"covered_lines": 18, "num_statements": 19, "percent_covered": 88.0, "percent_covered_display": "88", "missing_lines": 1, "excluded_lines": 0, "percent_statements_covered": 94.73684210526316, "percent_statements_covered_display": "95", "num_branches": 6, "num_partial_branches": 2, "covered_branches": 4, "missing_branches": 2, "percent_branches_covered": 66.66666666666667, "percent_branches_covered_display": "67"}, "missing_lines": [119], "excluded_lines": [], "start_line": 101, "executed_branches": [[104, 105], [104, 115], [113, 114], [118, 120]], "missing_branches": [[113, 104], [118, 119]]}, "Pipeline.bronze": {"executed_lines": [125, 126, 129], "summary": {"covered_lines": 3, "num_statements": 3, "percent_covered": 100.0, "percent_covered_display": "100", "missing_lines": 0, "excluded_lines": 0, "percent_statements_covered": 100.0, "percent_statements_covered_display": "100", "num_branches": 0, "num_partial_branches": 0, "covered_branches": 0, "missing_branches": 0, "percent_branches_covered": 100.0, "percent_branches_covered_display": "100"}, "missing_lines": [], "excluded_lines": [], "start_line": 124, "executed_branches": [], "missing_branches": []}, "Pipeline.bronze.work": {"executed_lines": [127, 128], "summary": {"covered_lines": 2, "num_statements": 2, "percent_covered": 100.0, "percent_covered_display": "100", "missing_lines": 0, "excluded_lines": 0, "percent_statements_covered": 100.0, "percent_statements_covered_display": "100", "num_branches": 0, "num_partial_branches": 0, "covered_branches": 0, "missing_branches": 0, "percent_branches_covered": 100.0, "percent_branches_covered_display": "100"}, "missing_lines": [], "excluded_lines": [], "start_line": 126, "executed_branches": [], "missing_branches": []}, "Pipeline.silver": {"executed_lines": [133, 134, 143], "summary": {"covered_lines": 3, "num_statements": 3, "percent_covered": 100.0, "percent_covered_display": "100", "missing_lines": 0, "excluded_lines": 0, "percent_statements_covered": 100.0, "percent_statements_covered_display": "100", "num_branches": 0, "num_partial_branches": 0, "covered_branches": 0, "missing_branches": 0, "percent_branches_covered": 100.0, "percent_branches_covered_display": "100"}, "missing_lines": [], "excluded_lines": [], "start_line": 132, "executed_branches": [], "missing_branches": []}, "Pipeline.silver.work": {"executed_lines": [135, 136, 137, 138, 139, 140, 141, 142], "summary": {"covered_lines": 8, "num_statements": 8, "percent_covered": 100.0, "percent_covered_display": "100", "missing_lines": 0, "excluded_lines": 0, "percent_statements_covered": 100.0, "percent_statements_covered_display": "100", "num_branches": 0, "num_partial_branches": 0, "covered_branches": 0, "missing_branches": 0, "percent_branches_covered": 100.0, "percent_branches_covered_display": "100"}, "missing_lines": [], "excluded_lines": [], "start_line": 134, "executed_branches": [], "missing_branches": []}, "Pipeline.gold": {"executed_lines": [146, 147, 155], "summary": {"covered_lines": 3, "num_statements": 3, "percent_covered": 100.0, "percent_covered_display": "100", "missing_lines": 0, "excluded_lines": 0, "percent_statements_covered": 100.0, "percent_statements_covered_display": "100", "num_branches": 0, "num_partial_branches": 0, "covered_branches": 0, "missing_branches": 0, "percent_branches_covered": 100.0, "percent_branches_covered_display": "100"}, "missing_lines": [], "excluded_lines": [], "start_line": 145, "executed_branches": [], "missing_branches": []}, "Pipeline.gold.work": {"executed_lines": [148, 149, 151, 152, 153, 154], "summary": {"covered_lines": 6, "num_statements": 6, "percent_covered": 100.0, "percent_covered_display": "100", "missing_lines": 0, "excluded_lines": 0, "percent_statements_covered": 100.0, "percent_statements_covered_display": "100", "num_branches": 0, "num_partial_branches": 0, "covered_branches": 0, "missing_branches": 0, "percent_branches_covered": 100.0, "percent_branches_covered_display": "100"}, "missing_lines": [], "excluded_lines": [], "start_line": 147, "executed_branches": [], "missing_branches": []}, "Pipeline.embed": {"executed_lines": [158, 159, 185], "summary": {"covered_lines": 3, "num_statements": 3, "percent_covered": 100.0, "percent_covered_display": "100", "missing_lines": 0, "excluded_lines": 0, "percent_statements_covered": 100.0, "percent_statements_covered_display": "100", "num_branches": 0, "num_partial_branches": 0, "covered_branches": 0, "missing_branches": 0, "percent_branches_covered": 100.0, "percent_branches_covered_display": "100"}, "missing_lines": [], "excluded_lines": [], "start_line": 157, "executed_branches": [], "missing_branches": []}, "Pipeline.embed.work": {"executed_lines": [160, 161, 162, 164, 165, 166, 167, 168, 169, 170, 171, 172, 173, 179, 181, 182, 183], "summary": {"covered_lines": 17, "num_statements": 17, "percent_covered": 100.0, "percent_covered_display": "100", "missing_lines": 0, "excluded_lines": 0, "percent_statements_covered": 100.0, "percent_statements_covered_display": "100", "num_branches": 2, "num_partial_branches": 0, "covered_branches": 2, "missing_branches": 0, "percent_branches_covered": 100.0, "percent_branches_covered_display": "100"}, "missing_lines": [], "excluded_lines": [], "start_line": 159, "executed_branches": [[170, 171], [170, 173]], "missing_branches": []}, "Pipeline.publish": {"executed_lines": [188, 210], "summary": {"covered_lines": 2, "num_statements": 2, "percent_covered": 100.0, "percent_covered_display": "100", "missing_lines": 0, "excluded_lines": 0, "percent_statements_covered": 100.0, "percent_statements_covered_display": "100", "num_branches": 0, "num_partial_branches": 0, "covered_branches": 0, "missing_branches": 0, "percent_branches_covered": 100.0, "percent_branches_covered_display": "100"}, "missing_lines": [], "excluded_lines": [], "start_line": 187, "executed_branches": [], "missing_branches": []}, "Pipeline.publish.work": {"executed_lines": [189, 190, 193, 194, 195, 196, 197, 198, 204, 206, 208, 209], "summary": {"covered_lines": 12, "num_statements": 15, "percent_covered": 71.42857142857143, "percent_covered_display": "71", "missing_lines": 3, "excluded_lines": 0, "percent_statements_covered": 80.0, "percent_statements_covered_display": "80", "num_branches": 6, "num_partial_branches": 3, "covered_branches": 3, "missing_branches": 3, "percent_branches_covered": 50.0, "percent_branches_covered_display": "50"}, "missing_lines": [191, 205, 207], "excluded_lines": [], "start_line": 188, "executed_branches": [[190, 193], [204, 206], [206, 208]], "missing_branches": [[190, 191], [204, 205], [206, 207]]}, "Pipeline.run": {"executed_lines": [213, 214, 215, 216, 217, 219, 220], "summary": {"covered_lines": 7, "num_statements": 7, "percent_covered": 100.0, "percent_covered_display": "100", "missing_lines": 0, "excluded_lines": 0, "percent_statements_covered": 100.0, "percent_statements_covered_display": "100", "num_branches": 2, "num_partial_branches": 0, "covered_branches": 2, "missing_branches": 0, "percent_branches_covered": 100.0, "percent_branches_covered_display": "100"}, "missing_lines": [], "excluded_lines": [], "start_line": 212, "executed_branches": [[215, 216], [215, 217]], "missing_branches": []}, "Pipeline.rollback": {"executed_lines": [223, 224, 226, 227], "summary": {"covered_lines": 4, "num_statements": 6, "percent_covered": 60.0, "percent_covered_display": "60", "missing_lines": 2, "excluded_lines": 0, "percent_statements_covered": 66.66666666666667, "percent_statements_covered_display": "67", "num_branches": 4, "num_partial_branches": 2, "covered_branches": 2, "missing_branches": 2, "percent_branches_covered": 50.0, "percent_branches_covered_display": "50"}, "missing_lines": [225, 228], "excluded_lines": [], "start_line": 222, "executed_branches": [[224, 226], [226, 227]], "missing_branches": [[224, 225], [226, 228]]}, "": {"executed_lines": [1, 3, 4, 5, 6, 8, 9, 10, 11, 12, 13, 14, 15, 16, 17, 18, 20, 21, 24, 25, 34, 35, 40, 41, 46, 47, 52, 68, 77, 100, 124, 132, 145, 157, 187, 212, 222], "summary": {"covered_lines": 37, "num_statements": 37, "percent_covered": 100.0, "percent_covered_display": "100", "missing_lines": 0, "excluded_lines": 0, "percent_statements_covered": 100.0, "percent_statements_covered_display": "100", "num_branches": 0, "num_partial_branches": 0, "covered_branches": 0, "missing_branches": 0, "percent_branches_covered": 100.0, "percent_branches_covered_display": "100"}, "missing_lines": [], "excluded_lines": [], "start_line": 1, "executed_branches": [], "missing_branches": []}}, "classes": {"Pipeline": {"executed_lines": [27, 28, 29, 30, 31, 32, 36, 38, 42, 44, 48, 50, 53, 54, 55, 56, 57, 59, 60, 63, 65, 66, 69, 70, 72, 73, 75, 78, 79, 80, 81, 82, 83, 84, 85, 86, 87, 88, 89, 90, 91, 93, 94, 96, 98, 101, 102, 103, 104, 105, 106, 107, 108, 109, 110, 111, 112, 113, 114, 115, 116, 117, 118, 120, 122, 125, 126, 127, 128, 129, 133, 134, 135, 136, 137, 138, 139, 140, 141, 142, 143, 146, 147, 148, 149, 151, 152, 153, 154, 155, 158, 159, 160, 161, 162, 164, 165, 166, 167, 168, 169, 170, 171, 172, 173, 179, 181, 182, 183, 185, 188, 189, 190, 193, 194, 195, 196, 197, 198, 204, 206, 208, 209, 210, 213, 214, 215, 216, 217, 219, 220, 223, 224, 226, 227], "summary": {"covered_lines": 135, "num_statements": 147, "percent_covered": 86.48648648648648, "percent_covered_display": "86", "missing_lines": 12, "excluded_lines": 0, "percent_statements_covered": 91.83673469387755, "percent_statements_covered_display": "92", "num_branches": 38, "num_partial_branches": 13, "covered_branches": 25, "missing_branches": 13, "percent_branches_covered": 65.78947368421052, "percent_branches_covered_display": "66"}, "missing_lines": [37, 43, 49, 58, 71, 74, 119, 191, 205, 207, 225, 228], "excluded_lines": [], "start_line": 24, "executed_branches": [[36, 38], [42, 44], [48, 50], [56, 57], [56, 60], [57, 59], [70, 72], [73, 75], [80, 81], [80, 82], [84, 85], [84, 86], [104, 105], [104, 115], [113, 114], [118, 120], [170, 171], [170, 173], [190, 193], [204, 206], [206, 208], [215, 216], [215, 217], [224, 226], [226, 227]], "missing_branches": [[36, 37], [42, 43], [48, 49], [57, 58], [70, 71], [73, 74], [113, 104], [118, 119], [190, 191], [204, 205], [206, 207], [224, 225], [226, 228]]}, "": {"executed_lines": [1, 3, 4, 5, 6, 8, 9, 10, 11, 12, 13, 14, 15, 16, 17, 18, 20, 21, 24, 25, 34, 35, 40, 41, 46, 47, 52, 68, 77, 100, 124, 132, 145, 157, 187, 212, 222], "summary": {"covered_lines": 37, "num_statements": 37, "percent_covered": 100.0, "percent_covered_display": "100", "missing_lines": 0, "excluded_lines": 0, "percent_statements_covered": 100.0, "percent_statements_covered_display": "100", "num_branches": 0, "num_partial_branches": 0, "covered_branches": 0, "missing_branches": 0, "percent_branches_covered": 100.0, "percent_branches_covered_display": "100"}, "missing_lines": [], "excluded_lines": [], "start_line": 1, "executed_branches": [], "missing_branches": []}}}, "src/veritylake/publication.py": {"executed_lines": [1, 3, 4, 6, 7, 9, 12, 13, 16, 17, 20, 21, 22, 24, 25, 26, 27, 28, 30, 31, 32, 34, 35, 36, 37, 38, 40, 42, 43, 44, 46, 47, 48, 49, 50, 51, 52, 54, 55, 56, 59, 60, 61, 62, 63, 64, 65, 67, 68, 69, 70, 71, 72, 74, 75, 76, 78, 79, 80, 83, 84, 85, 87, 88], "summary": {"covered_lines": 64, "num_statements": 69, "percent_covered": 89.01098901098901, "percent_covered_display": "89", "missing_lines": 5, "excluded_lines": 0, "percent_statements_covered": 92.7536231884058, "percent_statements_covered_display": "93", "num_branches": 22, "num_partial_branches": 5, "covered_branches": 17, "missing_branches": 5, "percent_branches_covered": 77.27272727272727, "percent_branches_covered_display": "77"}, "missing_lines": [39, 45, 53, 57, 66], "excluded_lines": [], "executed_branches": [[26, 27], [26, 28], [38, 40], [44, 46], [47, 48], [47, 52], [50, 47], [50, 51], [52, 54], [54, 55], [54, 56], [56, -42], [65, 67], [67, 68], [67, 69], [70, 71], [70, 72]], "missing_branches": [[38, 39], [44, 45], [52, 53], [56, 57], [65, 66]], "functions": {"Publications.__init__": {"executed_lines": [22], "summary": {"covered_lines": 1, "num_statements": 1, "percent_covered": 100.0, "percent_covered_display": "100", "missing_lines": 0, "excluded_lines": 0, "percent_statements_covered": 100.0, "percent_statements_covered_display": "100", "num_branches": 0, "num_partial_branches": 0, "covered_branches": 0, "missing_branches": 0, "percent_branches_covered": 100.0, "percent_branches_covered_display": "100"}, "missing_lines": [], "excluded_lines": [], "start_line": 21, "executed_branches": [], "missing_branches": []}, "Publications.active": {"executed_lines": [25, 26, 27, 28], "summary": {"covered_lines": 4, "num_statements": 4, "percent_covered": 100.0, "percent_covered_display": "100", "missing_lines": 0, "excluded_lines": 0, "percent_statements_covered": 100.0, "percent_statements_covered_display": "100", "num_branches": 2, "num_partial_branches": 0, "covered_branches": 2, "missing_branches": 0, "percent_branches_covered": 100.0, "percent_branches_covered_display": "100"}, "missing_lines": [], "excluded_lines": [], "start_line": 24, "executed_branches": [[26, 27], [26, 28]], "missing_branches": []}, "Publications.active_etag": {"executed_lines": [31, 32], "summary": {"covered_lines": 2, "num_statements": 2, "percent_covered": 100.0, "p
[...]
es": 0, "percent_statements_covered": 0.0, "percent_statements_covered_display": "0", "num_branches": 0, "num_partial_branches": 0, "covered_branches": 0, "missing_branches": 0, "percent_branches_covered": 100.0, "percent_branches_covered_display": "100"}, "missing_lines": [29, 30, 32, 33, 35, 36, 37, 38, 39], "excluded_lines": [], "start_line": 28, "executed_branches": [], "missing_branches": []}, "DeltaTables.read": {"executed_lines": [], "summary": {"covered_lines": 0, "num_statements": 3, "percent_covered": 0.0, "percent_covered_display": "0", "missing_lines": 3, "excluded_lines": 0, "percent_statements_covered": 0.0, "percent_statements_covered_display": "0", "num_branches": 0, "num_partial_branches": 0, "covered_branches": 0, "missing_branches": 0, "percent_branches_covered": 100.0, "percent_branches_covered_display": "100"}, "missing_lines": [43, 46, 47], "excluded_lines": [], "start_line": 42, "executed_branches": [], "missing_branches": []}, "DeltaTables.deduplicate": {"executed_lines": [], "summary": {"covered_lines": 0, "num_statements": 8, "percent_covered": 0.0, "percent_covered_display": "0", "missing_lines": 8, "excluded_lines": 0, "percent_statements_covered": 0.0, "percent_statements_covered_display": "0", "num_branches": 2, "num_partial_branches": 0, "covered_branches": 0, "missing_branches": 2, "percent_branches_covered": 0.0, "percent_branches_covered_display": "0"}, "missing_lines": [51, 52, 54, 55, 56, 57, 58, 59], "excluded_lines": [], "start_line": 50, "executed_branches": [], "missing_branches": [[54, 55], [54, 56]]}, "DeltaTables.build_catalog": {"executed_lines": [], "summary": {"covered_lines": 0, "num_statements": 15, "percent_covered": 0.0, "percent_covered_display": "0", "missing_lines": 15, "excluded_lines": 0, "percent_statements_covered": 0.0, "percent_statements_covered_display": "0", "num_branches": 4, "num_partial_branches": 0, "covered_branches": 0, "missing_branches": 4, "percent_branches_covered": 0.0, "percent_branches_covered_display": "0"}, "missing_lines": [62, 64, 65, 66, 67, 68, 69, 70, 71, 72, 74, 76, 77, 79, 80], "excluded_lines": [], "start_line": 61, "executed_branches": [], "missing_branches": [[71, 72], [71, 76], [76, 77], [76, 79]]}, "": {"executed_lines": [1, 3, 4, 5, 7, 8, 10, 15, 22, 24, 28, 42, 49, 50, 61], "summary": {"covered_lines": 15, "num_statements": 15, "percent_covered": 100.0, "percent_covered_display": "100", "missing_lines": 0, "excluded_lines": 0, "percent_statements_covered": 100.0, "percent_statements_covered_display": "100", "num_branches": 0, "num_partial_branches": 0, "covered_branches": 0, "missing_branches": 0, "percent_branches_covered": 100.0, "percent_branches_covered_display": "100"}, "missing_lines": [], "excluded_lines": [], "start_line": 1, "executed_branches": [], "missing_branches": []}}, "classes": {"DeltaTables": {"executed_lines": [], "summary": {"covered_lines": 0, "num_statements": 37, "percent_covered": 0.0, "percent_covered_display": "0", "missing_lines": 37, "excluded_lines": 0, "percent_statements_covered": 0.0, "percent_statements_covered_display": "0", "num_branches": 6, "num_partial_branches": 0, "covered_branches": 0, "missing_branches": 6, "percent_branches_covered": 0.0, "percent_branches_covered_display": "0"}, "missing_lines": [25, 26, 29, 30, 32, 33, 35, 36, 37, 38, 39, 43, 46, 47, 51, 52, 54, 55, 56, 57, 58, 59, 62, 64, 65, 66, 67, 68, 69, 70, 71, 72, 74, 76, 77, 79, 80], "excluded_lines": [], "start_line": 22, "executed_branches": [], "missing_branches": [[54, 55], [54, 56], [71, 72], [71, 76], [76, 77], [76, 79]]}, "": {"executed_lines": [1, 3, 4, 5, 7, 8, 10, 15, 22, 24, 28, 42, 49, 50, 61], "summary": {"covered_lines": 15, "num_statements": 15, "percent_covered": 100.0, "percent_covered_display": "100", "missing_lines": 0, "excluded_lines": 0, "percent_statements_covered": 100.0, "percent_statements_covered_display": "100", "num_branches": 0, "num_partial_branches": 0, "covered_branches": 0, "missing_branches": 0, "percent_branches_covered": 100.0, "percent_branches_covered_display": "100"}, "missing_lines": [], "excluded_lines": [], "start_line": 1, "executed_branches": [], "missing_branches": []}}}, "src/veritylake/text.py": {"executed_lines": [1, 3, 4, 5, 6, 8, 10, 12, 13, 17, 20, 21, 22, 23, 24, 27, 28, 29, 30, 31, 32, 33, 34, 35, 36, 37, 38, 39, 40, 41, 42, 43, 44, 45, 46, 47, 48, 49, 51, 52, 53, 54, 55, 56, 57, 60, 61, 62, 63, 64, 65, 66, 67, 68, 69, 70, 71, 72, 73, 76, 77, 78, 79, 80, 81, 82, 83, 84, 85, 86, 90, 91, 92], "summary": {"covered_lines": 73, "num_statements": 74, "percent_covered": 92.70833333333333, "percent_covered_display": "93", "missing_lines": 1, "excluded_lines": 0, "percent_statements_covered": 98.64864864864865, "percent_statements_covered_display": "99", "num_branches": 22, "num_partial_branches": 6, "covered_branches": 16, "missing_branches": 6, "percent_branches_covered": 72.72727272727273, "percent_branches_covered_display": "73"}, "missing_lines": [50], "excluded_lines": [], "executed_branches": [[29, 30], [29, 51], [34, 35], [37, 38], [40, 41], [40, 44], [42, 43], [45, 46], [47, 48], [51, 52], [51, 53], [77, 78], [77, 79], [81, 82], [90, 81], [90, 91]], "missing_branches": [[34, 50], [37, 40], [42, 40], [45, 49], [47, 49], [81, 92]], "functions": {"normalize": {"executed_lines": [21, 22, 23, 24], "summary": {"covered_lines": 4, "num_statements": 4, "percent_covered": 100.0, "percent_covered_display": "100", "missing_lines": 0, "excluded_lines": 0, "percent_statements_covered": 100.0, "percent_statements_covered_display": "100", "num_branches": 0, "num_partial_branches": 0, "covered_branches": 0, "missing_branches": 0, "percent_branches_covered": 100.0, "percent_branches_covered_display": "100"}, "missing_lines": [], "excluded_lines": [], "start_line": 20, "executed_branches": [], "missing_branches": []}, "extract_html": {"executed_lines": [28, 29, 30, 31, 32, 33, 34, 35, 36, 37, 38, 39, 40, 41, 42, 43, 44, 45, 46, 47, 48, 49, 51, 52, 53, 54, 55, 56, 57], "summary": {"covered_lines": 29, "num_statements": 30, "percent_covered": 86.95652173913044, "percent_covered_display": "87", "missing_lines": 1, "excluded_lines": 0, "percent_statements_covered": 96.66666666666667, "percent_statements_covered_display": "97", "num_branches": 16, "num_partial_branches": 5, "covered_branches": 11, "missing_branches": 5, "percent_branches_covered": 68.75, "percent_branches_covered_display": "69"}, "missing_lines": [50], "excluded_lines": [], "start_line": 27, "executed_branches": [[29, 30], [29, 51], [34, 35], [37, 38], [40, 41], [40, 44], [42, 43], [45, 46], [47, 48], [51, 52], [51, 53]], "missing_branches": [[34, 50], [37, 40], [42, 40], [45, 49], [47, 49]]}, "chunk_document": {"executed_lines": [77, 78, 79, 80, 81, 82, 83, 84, 85, 86, 90, 91, 92], "summary": {"covered_lines": 13, "num_statements": 13, "percent_covered": 94.73684210526316, "percent_covered_display": "95", "missing_lines": 0, "excluded_lines": 0, "percent_statements_covered": 100.0, "percent_statements_covered_display": "100", "num_branches": 6, "num_partial_branches": 1, "covered_branches": 5, "missing_branches": 1, "percent_branches_covered": 83.33333333333333, "percent_branches_covered_display": "83"}, "missing_lines": [], "excluded_lines": [], "start_line": 76, "executed_branches": [[77, 78], [77, 79], [81, 82], [90, 81], [90, 91]], "missing_branches": [[81, 92]]}, "": {"executed_lines": [1, 3, 4, 5, 6, 8, 10, 12, 13, 17, 20, 27, 60, 61, 62, 63, 64, 65, 66, 67, 68, 69, 70, 71, 72, 73, 76], "summary": {"covered_lines": 27, "num_statements": 27, "percent_covered": 100.0, "percent_covered_display": "100", "missing_lines": 0, "excluded_lines": 0, "percent_statements_covered": 100.0, "percent_statements_covered_display": "100", "num_branches": 0, "num_partial_branches": 0, "covered_branches": 0, "missing_branches": 0, "percent_branches_covered": 100.0, "percent_branches_covered_display": "100"}, "missing_lines": [], "excluded_lines": [], "start_line": 1, "executed_branches": [], "missing_branches": []}}, "classes": {"Chunk": {"executed_lines": [], "summary": {"covered_lines": 0, "num_statements": 0, "percent_covered": 100.0, "percent_covered_display": "100", "missing_lines": 0, "excluded_lines": 0, "percent_statements_covered": 100.0, "percent_statements_covered_display": "100", "num_branches": 0, "num_partial_branches": 0, "covered_branches": 0, "missing_branches": 0, "percent_branches_covered": 100.0, "percent_branches_covered_display": "100"}, "missing_lines": [], "excluded_lines": [], "start_line": 61, "executed_branches": [], "missing_branches": []}, "": {"executed_lines": [1, 3, 4, 5, 6, 8, 10, 12, 13, 17, 20, 21, 22, 23, 24, 27, 28, 29, 30, 31, 32, 33, 34, 35, 36, 37, 38, 39, 40, 41, 42, 43, 44, 45, 46, 47, 48, 49, 51, 52, 53, 54, 55, 56, 57, 60, 61, 62, 63, 64, 65, 66, 67, 68, 69, 70, 71, 72, 73, 76, 77, 78, 79, 80, 81, 82, 83, 84, 85, 86, 90, 91, 92], "summary": {"covered_lines": 73, "num_statements": 74, "percent_covered": 92.70833333333333, "percent_covered_display": "93", "missing_lines": 1, "excluded_lines": 0, "percent_statements_covered": 98.64864864864865, "percent_statements_covered_display": "99", "num_branches": 22, "num_partial_branches": 6, "covered_branches": 16, "missing_branches": 6, "percent_branches_covered": 72.72727272727273, "percent_branches_covered_display": "73"}, "missing_lines": [50], "excluded_lines": [], "start_line": 1, "executed_branches": [[29, 30], [29, 51], [34, 35], [37, 38], [40, 41], [40, 44], [42, 43], [45, 46], [47, 48], [51, 52], [51, 53], [77, 78], [77, 79], [81, 82], [90, 81], [90, 91]], "missing_branches": [[34, 50], [37, 40], [42, 40], [45, 49], [47, 49], [81, 92]]}}}, "src/veritylake/util.py": {"executed_lines": [1, 3, 4, 5, 6, 7, 8, 11, 12, 15, 16, 17, 20, 21, 24, 25, 26, 27, 28], "summary": {"covered_lines": 19, "num_statements": 19, "percent_covered": 100.0, "percent_covered_display": "100", "missing_lines": 0, "excluded_lines": 0, "percent_statements_covered": 100.0, "percent_statements_covered_display": "100", "num_branches": 2, "num_partial_branches": 0, "covered_branches": 2, "missing_branches": 0, "percent_branches_covered": 100.0, "percent_branches_covered_display": "100"}, "missing_lines": [], "excluded_lines": [], "executed_branches": [[25, 26], [25, 27]], "missing_branches": [], "functions": {"utcnow": {"executed_lines": [12], "summary": {"covered_lines": 1, "num_statements": 1, "percent_covered": 100.0, "percent_covered_display": "100", "missing_lines": 0, "excluded_lines": 0, "percent_statements_covered": 100.0, "percent_statements_covered_display": "100", "num_branches": 0, "num_partial_branches": 0, "covered_branches": 0, "missing_branches": 0, "percent_branches_covered": 100.0, "percent_branches_covered_display": "100"}, "missing_lines": [], "excluded_lines": [], "start_line": 11, "executed_branches": [], "missing_branches": []}, "digest": {"executed_lines": [16, 17], "summary": {"covered_lines": 2, "num_statements": 2, "percent_covered": 100.0, "percent_covered_display": "100", "missing_lines": 0, "excluded_lines": 0, "percent_statements_covered": 100.0, "percent_statements_covered_display": "100", "num_branches": 0, "num_partial_branches": 0, "covered_branches": 0, "missing_branches": 0, "percent_branches_covered": 100.0, "percent_branches_covered_display": "100"}, "missing_lines": [], "excluded_lines": [], "start_line": 15, "executed_branches": [], "missing_branches": []}, "json_bytes": {"executed_lines": [21], "summary": {"covered_lines": 1, "num_statements": 1, "percent_covered": 100.0, "percent_covered_display": "100", "missing_lines": 0, "excluded_lines": 0, "percent_statements_covered": 100.0, "percent_statements_covered_display": "100", "num_branches": 0, "num_partial_branches": 0, "covered_branches": 0, "missing_branches": 0, "percent_branches_covered": 100.0, "percent_branches_covered_display": "100"}, "missing_lines": [], "excluded_lines": [], "start_line": 20, "executed_branches": [], "missing_branches": []}, "validate_run_id": {"executed_lines": [25, 26, 27, 28], "summary": {"covered_lines": 4, "num_statements": 4, "percent_covered": 100.0, "percent_covered_display": "100", "missing_lines": 0, "excluded_lines": 0, "percent_statements_covered": 100.0, "percent_statements_covered_display": "100", "num_branches": 2, "num_partial_branches": 0, "covered_branches": 2, "missing_branches": 0, "percent_branches_covered": 100.0, "percent_branches_covered_display": "100"}, "missing_lines": [], "excluded_lines": [], "start_line": 24, "executed_branches": [[25, 26], [25, 27]], "missing_branches": []}, "": {"executed_lines": [1, 3, 4, 5, 6, 7, 8, 11, 15, 20, 24], "summary": {"covered_lines": 11, "num_statements": 11, "percent_covered": 100.0, "percent_covered_display": "100", "missing_lines": 0, "excluded_lines": 0, "percent_statements_covered": 100.0, "percent_statements_covered_display": "100", "num_branches": 0, "num_partial_branches": 0, "covered_branches": 0, "missing_branches": 0, "percent_branches_covered": 100.0, "percent_branches_covered_display": "100"}, "missing_lines": [], "excluded_lines": [], "start_line": 1, "executed_branches": [], "missing_branches": []}}, "classes": {"": {"executed_lines": [1, 3, 4, 5, 6, 7, 8, 11, 12, 15, 16, 17, 20, 21, 24, 25, 26, 27, 28], "summary": {"covered_lines": 19, "num_statements": 19, "percent_covered": 100.0, "percent_covered_display": "100", "missing_lines": 0, "excluded_lines": 0, "percent_statements_covered": 100.0, "percent_statements_covered_display": "100", "num_branches": 2, "num_partial_branches": 0, "covered_branches": 2, "missing_branches": 0, "percent_branches_covered": 100.0, "percent_branches_covered_display": "100"}, "missing_lines": [], "excluded_lines": [], "start_line": 1, "executed_branches": [[25, 26], [25, 27]], "missing_branches": []}}}, "src/veritylake/vectors.py": {"executed_lines": [1, 3, 4, 7, 8, 9, 19, 21, 22, 24, 25, 26, 32, 33, 34, 35, 36, 37, 44, 47, 48, 49, 50, 51, 53, 55], "summary": {"covered_lines": 26, "num_statements": 34, "percent_covered": 72.72727272727273, "percent_covered_display": "73", "missing_lines": 8, "excluded_lines": 0, "percent_statements_covered": 76.47058823529412, "percent_statements_covered_display": "76", "num_branches": 10, "num_partial_branches": 2, "covered_branches": 6, "missing_branches": 4, "percent_branches_covered": 60.0, "percent_branches_covered_display": "60"}, "missing_lines": [10, 11, 13, 14, 15, 17, 45, 52], "excluded_lines": [], "executed_branches": [[9, 19], [33, 34], [33, 35], [35, -24], [35, 36], [51, 53]], "missing_branches": [[9, 10], [14, 15], [14, 17], [51, 52]], "functions": {"ChromaIndex.__init__": {"executed_lines": [9, 19], "summary": {"covered_lines": 2, "num_statements": 8, "percent_covered": 25.0, "percent_covered_display": "25", "missing_lines": 6, "excluded_lines": 0, "percent_statements_covered": 25.0, "percent_statements_covered_display": "25", "num_branches": 4, "num_partial_branches": 1, "covered_branches": 1, "missing_branches": 3, "percent_branches_covered": 25.0, "percent_branches_covered_display": "25"}, "missing_lines": [10, 11, 13, 14, 15, 17], "excluded_lines": [], "start_line": 8, "executed_branches": [[9, 19]], "missing_branches": [[9, 10], [14, 15], [14, 17]]}, "ChromaIndex.health": {"executed_lines": [22], "summary": {"covered_lines": 1, "num_statements": 1, "percent_covered": 100.0, "percent_covered_display": "100", "missing_lines": 0, "excluded_lines": 0, "percent_statements_covered": 100.0, "percent_statements_covered_display": "100", "num_branches": 0, "num_partial_branches": 0, "covered_branches": 0, "missing_branches": 0, "percent_branches_covered": 100.0, "percent_branches_covered_display": "100"}, "missing_lines": [], "excluded_lines": [], "start_line": 21, "executed_branches": [], "missing_branches": []}, "ChromaIndex.write": {"executed_lines": [25, 26, 32, 33, 34, 35, 36, 37], "summary": {"covered_lines": 8, "num_statements": 8, "percent_covered": 100.0, "percent_covered_display": "100", "missing_lines": 0, "excluded_lines": 0, "percent_statements_covered": 100.0, "percent_statements_covered_display": "100", "num_branches": 4, "num_partial_branches": 0, "covered_branches": 4, "missing_branches": 0, "percent_branches_covered": 100.0, "percent_branches_covered_display": "100"}, "missing_lines": [], "excluded_lines": [], "start_line": 24, "executed_branches": [[33, 34], [33, 35], [35, -24], [35, 36]], "missing_branches": []}, "ChromaIndex.count": {"executed_lines": [], "summary": {"covered_lines": 0, "num_statements": 1, "percent_covered": 0.0, "percent_covered_display": "0", "missing_lines": 1, "excluded_lines": 0, "percent_statements_covered": 0.0, "percent_statements_covered_display": "0", "num_branches": 0, "num_partial_branches": 0, "covered_branches": 0, "missing_branches": 0, "percent_branches_covered": 100.0, "percent_branches_covered_display": "100"}, "missing_lines": [45], "excluded_lines": [], "start_line": 44, "executed_branches": [], "missing_branches": []}, "ChromaIndex.query": {"executed_lines": [48, 49, 50, 51, 53, 55], "summary": {"covered_lines": 6, "num_statements": 7, "percent_covered": 77.77777777777777, "percent_covered_display": "78", "missing_lines": 1, "excluded_lines": 0, "percent_statements_covered": 85.71428571428571, "percent_statements_covered_display": "86", "num_branches": 2, "num_partial_branches": 1, "covered_branches": 1, "missing_branches": 1, "percent_branches_covered": 50.0, "percent_branches_covered_display": "50"}, "missing_lines": [52], "excluded_lines": [], "start_line": 47, "executed_branches": [[51, 53]], "missing_branches": [[51, 52]]}, "": {"executed_lines": [1, 3, 4, 7, 8, 21, 24, 44, 47], "summary": {"covered_lines": 9, "num_statements": 9, "percent_covered": 100.0, "percent_covered_display": "100", "missing_lines": 0, "excluded_lines": 0, "percent_statements_covered": 100.0, "percent_statements_covered_display": "100", "num_branches": 0, "num_partial_branches": 0, "covered_branches": 0, "missing_branches": 0, "percent_branches_covered": 100.0, "percent_branches_covered_display": "100"}, "missing_lines": [], "excluded_lines": [], "start_line": 1, "executed_branches": [], "missing_branches": []}}, "classes": {"ChromaIndex": {"executed_lines": [9, 19, 22, 25, 26, 32, 33, 34, 35, 36, 37, 48, 49, 50, 51, 53, 55], "summary": {"covered_lines": 17, "num_statements": 25, "percent_covered": 65.71428571428571, "percent_covered_display": "66", "missing_lines": 8, "excluded_lines": 0, "percent_statements_covered": 68.0, "percent_statements_covered_display": "68", "num_branches": 10, "num_partial_branches": 2, "covered_branches": 6, "missing_branches": 4, "percent_branches_covered": 60.0, "percent_branches_covered_display": "60"}, "missing_lines": [10, 11, 13, 14, 15, 17, 45, 52], "excluded_lines": [], "start_line": 7, "executed_branches": [[9, 19], [33, 34], [33, 35], [35, -24], [35, 36], [51, 53]], "missing_branches": [[9, 10], [14, 15], [14, 17], [51, 52]]}, "": {"executed_lines": [1, 3, 4, 7, 8, 21, 24, 44, 47], "summary": {"covered_lines": 9, "num_statements": 9, "percent_covered": 100.0, "percent_covered_display": "100", "missing_lines": 0, "excluded_lines": 0, "percent_statements_covered": 100.0, "percent_statements_covered_display": "100", "num_branches": 0, "num_partial_branches": 0, "covered_branches": 0, "missing_branches": 0, "percent_branches_covered": 100.0, "percent_branches_covered_display": "100"}, "missing_lines": [], "excluded_lines": [], "start_line": 1, "executed_branches": [], "missing_branches": []}}}}, "totals": {"covered_lines": 1187, "num_statements": 1367, "percent_covered": 83.36272780717225, "percent_covered_display": "83", "missing_lines": 180, "excluded_lines": 15, "percent_statements_covered": 86.83247988295538, "percent_statements_covered_display": "87", "num_branches": 334, "num_partial_branches": 75, "covered_branches": 231, "missing_branches": 103, "percent_branches_covered": 69.16167664670658, "percent_branches_covered_display": "69"}}