<?xml version="1.0" encoding="utf-8"?><testsuites name="pytest tests"><testsuite name="pytest" errors="0" failures="0" skipped="5" tests="109" time="1.648" timestamp="2026-09-18T05:30:37.948757+00:00" hostname="localhost"><testcase classname="" name="tests.integration.test_airflow" time="0.000"><skipped message="collection skipped">('/mnt/data/veritylake/tests/integration/test_airflow.py', 3, 'Skipped: Airflow is validated in its separate Docker image/job')</skipped></testcase><testcase classname="" name="tests.integration.test_chroma" time="0.000"><skipped message="collection skipped">('/mnt/data/veritylake/tests/integration/test_chroma.py', 3, 'Skipped: Native Chroma not installed in this test environment')</skipped></testcase><testcase classname="" name="tests.integration.test_delta" time="0.000"><skipped message="collection skipped">('/mnt/data/veritylake/tests/integration/test_delta.py', 3, 'Skipped: Native DuckDB not installed in this test environment')</skipped></testcase><testcase classname="" name="tests.integration.test_s3" time="0.000"><skipped message="collection skipped">('/mnt/data/veritylake/tests/integration/test_s3.py', 4, 'Skipped: moto not installed in this test environment')</skipped></testcase><testcase classname="" name="tests.integration.test_service_stack" time="0.000"><skipped message="collection skipped">('/mnt/data/veritylake/tests/integration/test_service_stack.py', 9, 'Skipped: Set RUN_SERVICE_TESTS=1 and start the CI storage stack')</skipped></testcase><testcase classname="tests.test_adapter_contracts" name="test_s3_conditional_first_publish_request" time="0.095" /><testcase classname="tests.test_adapter_contracts" name="test_s3_conditional_update_request" time="0.012" /><testcase classname="tests.test_adapter_contracts" name="test_s3_lost_update_fails_closed[PreconditionFailed-412]" time="0.013" /><testcase classname="tests.test_adapter_contracts" name="test_s3_lost_update_fails_closed[ConditionalRequestConflict-409]" time="0.010" /><testcase classname="tests.test_adapter_contracts" name="test_s3_reads_body_and_preserves_quoted_etag" time="0.010" /><testcase classname="tests.test_adapter_contracts" name="test_s3_missing_key_is_not_an_error" time="0.010" /><testcase classname="tests.test_adapter_contracts" name="test_s3_delta_options_require_aws_locking" time="0.009" /><testcase classname="tests.test_adapter_contracts" name="test_minio_delta_options_conditional_put" time="0.008" /><testcase classname="tests.test_adapter_contracts" name="test_chroma_explicit_embedding_contract" time="0.005" /><testcase classname="tests.test_adapter_contracts" name="test_chroma_rejects_embedding_space_mismatch" time="0.005" /><testcase classname="tests.test_adapter_contracts" name="test_generation_uses_local_chat_and_structured_output" time="0.008" /><testcase classname="tests.test_adapter_contracts" name="test_retrieval_evaluation_counts_document_rank" time="0.001" /><testcase classname="tests.test_adapter_contracts" name="test_empty_evaluation_refuses_fake_score" time="0.001" /><testcase classname="tests.test_adapter_contracts" name="test_cli_commands_use_real_pipeline_interface[new-run]" time="0.008" /><testcase classname="tests.test_adapter_contracts" name="test_cli_commands_use_real_pipeline_interface[run]" time="0.024" /><testcase classname="tests.test_adapter_contracts" name="test_cli_commands_use_real_pipeline_interface[catalog]" time="0.038" /><testcase classname="tests.test_adapter_contracts" name="test_cli_commands_use_real_pipeline_interface[history]" time="0.031" /><testcase classname="tests.test_adapter_contracts" name="test_pipeline_preserves_original_html_bytes" time="0.012" /><testcase classname="tests.test_adapter_contracts" name="test_lineage_durable_before_completed_stage" time="0.011" /><testcase classname="tests.test_config_storage" name="test_settings_reject_invalid[values0]" time="0.004" /><testcase classname="tests.test_config_storage" name="test_settings_reject_invalid[values1]" time="0.004" /><testcase classname="tests.test_config_storage" name="test_settings_reject_invalid[values2]" time="0.004" /><testcase classname="tests.test_config_storage" name="test_settings_reject_invalid[values3]" time="0.004" /><testcase classname="tests.test_config_storage" name="test_settings_reject_invalid[values4]" time="0.004" /><testcase classname="tests.test_config_storage" name="test_public_config_does_not_contain_secrets" time="0.004" /><testcase classname="tests.test_config_storage" name="test_unsafe_object_key[../escape]" time="0.004" /><testcase classname="tests.test_config_storage" name="test_unsafe_object_key[/absolute]" time="0.004" /><testcase classname="tests.test_config_storage" name="test_unsafe_object_key[folder/../../escape]" time="0.004" /><testcase classname="tests.test_config_storage" name="test_unsafe_object_key[bad\\key]" time="0.004" /><testcase classname="tests.test_config_storage" name="test_unsafe_object_key[bad\x00key]" time="0.004" /><testcase classname="tests.test_config_storage" name="test_unsafe_object_key[]" time="0.004" /><testcase classname="tests.test_config_storage" name="test_symlink_escape_rejected" time="0.004" /><testcase classname="tests.test_config_storage" name="test_store_roundtrip_and_version" time="0.005" /><testcase classname="tests.test_config_storage" name="test_atomic_compare_and_swap_has_one_winner" time="0.015" /><testcase classname="tests.test_config_storage" name="test_run_id_is_strict[../x]" time="0.001" /><testcase classname="tests.test_config_storage" name="test_run_id_is_strict[abc]" time="0.001" /><testcase classname="tests.test_config_storage" name="test_run_id_is_strict[aaaaaaaaaaaaaaaaaaaaaaaaaaaaaaa]" time="0.001" /><testcase classname="tests.test_config_storage" name="test_run_id_is_strict[AAAAAAAAAAAAAAAAAAAAAAAAAAAAAAAA]" time="0.001" /><testcase classname="tests.test_config_storage" name="test_run_id_is_strict[gggggggggggggggggggggggggggggggg]" time="0.001" /><testcase classname="tests.test_crawler" name="test_unsafe_url_rejected[file:///etc/passwd]" time="0.001" /><testcase classname="tests.test_crawler" name="test_unsafe_url_rejected[http://u:p@example.org/]" time="0.001" /><testcase classname="tests.test_crawler" name="test_unsafe_url_rejected[http://example.org/?token=x]" time="0.001" /><testcase classname="tests.test_crawler" name="test_unsafe_url_rejected[https://example.org/%2e%2e/private]" time="0.001" /><testcase classname="tests.test_crawler" name="test_unsafe_url_rejected[https://example.org/a%5Cb]" time="0.000" /><testcase classname="tests.test_crawler" name="test_canonical_url" time="0.000" /><testcase classname="tests.test_crawler" name="test_private_dns_is_blocked[127.0.0.1]" time="0.004" /><testcase classname="tests.test_crawler" name="test_private_dns_is_blocked[169.254.169.254]" time="0.004" /><testcase classname="tests.test_crawler" name="test_private_dns_is_blocked[10.0.0.1]" time="0.004" /><testcase classname="tests.test_crawler" name="test_private_dns_is_blocked[::1]" time="0.005" /><testcase classname="tests.test_crawler" name="test_private_dns_is_blocked[fd00::1]" time="0.004" /><testcase classname="tests.test_crawler" name="test_robots_disallow_is_respected" time="0.008" /><testcase classname="tests.test_crawler" name="test_missing_robots_allows_and_applies_rate_limit" time="0.006" /><testcase classname="tests.test_crawler" name="test_robots_failure_is_fail_closed" time="0.004" /><testcase classname="tests.test_crawler" name="test_long_retry_after_aborts_not_shortens" time="0.004" /><testcase classname="tests.test_crawler" name="test_short_retry_after_is_obeyed" time="0.005" /><testcase classname="tests.test_crawler" name="test_cross_origin_redirect_never_followed" time="0.007" /><testcase classname="tests.test_crawler" name="test_html_byte_limit" time="0.006" /><testcase classname="tests.test_crawler" name="test_crawl_delay_respected" time="0.005" /><testcase classname="tests.test_embeddings_rag_api" name="test_embedding_contract_rejects_bad_vectors[vectors0-1]" time="0.001" /><testcase classname="tests.test_embeddings_rag_api" name="test_embedding_contract_rejects_bad_vectors[vectors1-1]" time="0.001" /><testcase classname="tests.test_embeddings_rag_api" name="test_embedding_contract_rejects_bad_vectors[vectors2-1]" time="0.001" /><testcase classname="tests.test_embeddings_rag_api" name="test_embedding_contract_rejects_bad_vectors[vectors3-2]" time="0.001" /><testcase classname="tests.test_embeddings_rag_api" name="test_embedding_contract_rejects_bad_vectors[vectors4-2]" time="0.001" /><testcase classname="tests.test_embeddings_rag_api" name="test_embedding_contract_rejects_bad_vectors[vectors5-1]" time="0.001" /><testcase classname="tests.test_embeddings_rag_api" name="test_ollama_http_contract" time="0.005" /><testcase classname="tests.test_embeddings_rag_api" name="test_embedding_cache_key_includes_model_digest" time="0.006" /><testcase classname="tests.test_embeddings_rag_api" name="test_valid_citation_and_quote" time="0.001" /><testcase classname="tests.test_embeddings_rag_api" name="test_fabricated_citations_rejected[Price is 10 [S9]-S9-The listed price]" time="0.001" /><testcase classname="tests.test_embeddings_rag_api" name="test_fabricated_citations_rejected[Price is 10 [S1]-S1-The book costs GBP 500.00]" time="0.001" /><testcase classname="tests.test_embeddings_rag_api" name="test_fabricated_citations_rejected[Price is 10-S1-The listed price]" time="0.001" /><testcase classname="tests.test_embeddings_rag_api" name="test_rag_abstains_on_bad_citation" time="0.006" /><testcase classname="tests.test_embeddings_rag_api" name="test_rag_abstains_when_no_relevant_hit" time="0.006" /><testcase classname="tests.test_embeddings_rag_api" name="test_model_drift_is_not_silently_mixed" time="0.006" /><testcase classname="tests.test_embeddings_rag_api" name="test_api_auth_query_bounds_and_citations" time="0.068" /><testcase classname="tests.test_embeddings_rag_api" name="test_budget_enforces_rate_and_concurrency" time="0.001" /><testcase classname="tests.test_embeddings_rag_api" name="test_api_whitespace_and_long_question" time="0.019" /><testcase classname="tests.test_publication_pipeline" name="test_no_release_before_gate" time="0.004" /><testcase classname="tests.test_publication_pipeline" name="test_publish_is_idempotent_and_release_immutable" time="0.006" /><testcase classname="tests.test_publication_pipeline" name="test_concurrent_publish_rejects_stale_writer" time="0.007" /><testcase classname="tests.test_publication_pipeline" name="test_rollback_to_validated_release" time="0.008" /><testcase classname="tests.test_publication_pipeline" name="test_bad_quality_cannot_be_published[silver]" time="0.004" /><testcase classname="tests.test_publication_pipeline" name="test_bad_quality_cannot_be_published[gold]" time="0.004" /><testcase classname="tests.test_publication_pipeline" name="test_bad_quality_cannot_be_published[embed]" time="0.004" /><testcase classname="tests.test_publication_pipeline" name="test_pipeline_fixture_runs_all_stages_with_lineage" time="0.026" /><testcase classname="tests.test_publication_pipeline" name="test_retry_does_not_repeat_embeddings" time="0.025" /><testcase classname="tests.test_publication_pipeline" name="test_cross_run_embedding_cache" time="0.041" /><testcase classname="tests.test_publication_pipeline" name="test_failed_silver_preserves_previous_publication" time="0.035" /><testcase classname="tests.test_publication_pipeline" name="test_configuration_drift_refuses_resume" time="0.006" /><testcase classname="tests.test_publication_pipeline" name="test_embedding_model_drift_blocks_rollback" time="0.024" /><testcase classname="tests.test_text_quality" name="test_html_removes_active_content_and_navigation" time="0.002" /><testcase classname="tests.test_text_quality" name="test_book_adapter_extracts_labelled_fields" time="0.003" /><testcase classname="tests.test_text_quality" name="test_normalization_redacts_email_and_control_characters" time="0.000" /><testcase classname="tests.test_text_quality" name="test_chunking_exact_coverage_and_stability[1-20-0]" time="0.001" /><testcase classname="tests.test_text_quality" name="test_chunking_exact_coverage_and_stability[20-20-0]" time="0.001" /><testcase classname="tests.test_text_quality" name="test_chunking_exact_coverage_and_stability[21-20-5]" time="0.001" /><testcase classname="tests.test_text_quality" name="test_chunking_exact_coverage_and_stability[200-30-8]" time="0.001" /><testcase classname="tests.test_text_quality" name="test_chunking_exact_coverage_and_stability[500-40-12]" time="0.002" /><testcase classname="tests.test_text_quality" name="test_invalid_chunking[0-0]" time="0.001" /><testcase classname="tests.test_text_quality" name="test_invalid_chunking[20-20]" time="0.001" /><testcase classname="tests.test_text_quality" name="test_invalid_chunking[20--1]" time="0.001" /><testcase classname="tests.test_text_quality" name="test_invalid_chunking[10-15]" time="0.001" /><testcase classname="tests.test_text_quality" name="test_quarantines_bad_documents" time="0.005" /><testcase classname="tests.test_text_quality" name="test_quality_rejects_low_count_and_offset_corruption" time="0.005" /><testcase classname="tests.test_text_quality" name="test_document_change_changes_chunk_identity" time="0.001" /></testsuite></testsuites>